08:54:57 **** Build of configuration Debug for project hello ****
make all 
Building file: ../src/hello.c
Invoking: Cygwin C Compiler
gcc -O0 -g3 -Wall -c -fmessage-length=0 -MMD -MP -MF"src/hello.d" -MT"src/hello.o" -o "src/hello.o" "../src/hello.c"
Finished building: ../src/hello.c
 
Building target: hello.exe
Invoking: Cygwin C Linker
gcc  -o "hello.exe"  ./src/hello.o   
Finished building target: hello.exe
 
08:55:08 **** Incremental Build of configuration Default for project FOS_Labs_Template ****
make -j16 all 
make: Nothing to be done for 'all'.
08:56:46 **** Incremental Build of configuration Default for project FOS_Labs_Template ****
make -j16 all 
make: Nothing to be done for 'all'.
08:57:15 **** Incremental Build of configuration Debug for project hello ****
make all 
make: Nothing to be done for 'all'.
08:57:19 **** Incremental Build of configuration Debug for project hello ****
make all 
make: Nothing to be done for 'all'.
08:57:20 **** Incremental Build of configuration Debug for project hello ****
make all 
make: Nothing to be done for 'all'.
08:57:21 **** Incremental Build of configuration Debug for project hello ****
make all 
make: Nothing to be done for 'all'.
08:57:30 **** Incremental Build of configuration Debug for project hello ****
make all 
Building file: ../src/hello.c
Invoking: Cygwin C Compiler
gcc -O0 -g3 -Wall -c -fmessage-length=0 -MMD -MP -MF"src/hello.d" -MT"src/hello.o" -o "src/hello.o" "../src/hello.c"
Finished building: ../src/hello.c
 
Building target: hello.exe
Invoking: Cygwin C Linker
gcc  -o "hello.exe"  ./src/hello.o   
Finished building target: hello.exe
 
08:58:04 **** Incremental Build of configuration Debug for project hello ****
make all 
Building file: ../src/hello.c
Invoking: Cygwin C Compiler
gcc -O0 -g3 -Wall -c -fmessage-length=0 -MMD -MP -MF"src/hello.d" -MT"src/hello.o" -o "src/hello.o" "../src/hello.c"
Finished building: ../src/hello.c
 
Building target: hello.exe
Invoking: Cygwin C Linker
gcc  -o "hello.exe"  ./src/hello.o   
Finished building target: hello.exe
 
09:00:35 **** Incremental Build of configuration Default for project FOS_Labs_Template ****
make -j16 all 
make: Nothing to be done for 'all'.
10:33:51 **** Incremental Build of configuration Default for project FOS_Labs_Template ****
make -j16 all 
+ cc kern/command_prompt.c
+ ld obj/kern/kernel
+ mk obj/kern/bochs.img
11:02:02 **** Incremental Build of configuration Default for project FOS_Labs_Template ****
make -j16 all 
+ cc kern/command_prompt.c
kern/command_prompt.c: In function 'command_add':
kern/command_prompt.c:259:13: error: too few arguments to function 'strtol'
  int num1 = strtol(argv[1]);
kern/Makefrag:50: recipe for target 'obj/kern/command_prompt.o' failed
             ^
In file included from kern/command_prompt.c:14:0:
./inc/string.h:24:6: note: declared here
 long strtol(const char *s, char **endptr, int base);
      ^
kern/command_prompt.c:260:13: error: too few arguments to function 'strtol'
  int num2 = strtol(argv[2]);
             ^
In file included from kern/command_prompt.c:14:0:
./inc/string.h:24:6: note: declared here
 long strtol(const char *s, char **endptr, int base);
      ^
kern/command_prompt.c:261:39: error: expected ')' before 'num1'
  cprintf("%d + %d = %d\n", num1, num2 num1 + num2);
                                       ^
kern/command_prompt.c:262:1: error: control reaches end of non-void function [-Werror=return-type]
 }
 ^
cc1: all warnings being treated as errors
make: *** [obj/kern/command_prompt.o] Error 1
11:03:08 **** Incremental Build of configuration Default for project FOS_Labs_Template ****
make -j16 all 
+ cc kern/command_prompt.c
kern/command_prompt.c: In function 'command_add':
kern/command_prompt.c:261:39: error: expected ')' before 'num1'
  cprintf("%d + %d = %d\n", num1, num2 num1 + num2);
                                       ^
kern/command_prompt.c:262:1: error: control reaches end of non-void function [-Werror=return-type]
 }
 ^
cc1: all warnings being treated as errors
kern/Makefrag:50: recipe for target 'obj/kern/command_prompt.o' failed
make: *** [obj/kern/command_prompt.o] Error 1
11:03:45 **** Incremental Build of configuration Default for project FOS_Labs_Template ****
make -j16 all 
+ cc kern/command_prompt.c
kern/command_prompt.c: In function 'command_add':
kern/command_prompt.c:262:1: error: control reaches end of non-void function [-Werror=return-type]
 }
 ^
cc1: all warnings being treated as errors
kern/Makefrag:50: recipe for target 'obj/kern/command_prompt.o' failed
make: *** [obj/kern/command_prompt.o] Error 1
11:04:08 **** Incremental Build of configuration Default for project FOS_Labs_Template ****
make -j16 all 
+ cc kern/command_prompt.c
+ ld obj/kern/kernel
+ mk obj/kern/bochs.img
11:05:11 **** Incremental Build of configuration Default for project FOS_Labs_Template ****
make -j16 all 
+ cc kern/command_prompt.c
kern/command_prompt.c: In function 'command_add':
kern/command_prompt.c:84:8: error: parameter 'commands' is initialized
 struct Command commands[] =
        ^
kern/command_prompt.c:86:3: error: braces around scalar initializer [-Werror]
   { "help", "Display this list of commands", command_help },
   ^
kern/command_prompt.c:86:3: note: (near initialization for 'commands')
kern/command_prompt.c:86:5: error: initialization from incompatible pointer type [-Werror=incompatible-pointer-types]
   { "help", "Display this list of commands", command_help },
     ^
kern/command_prompt.c:86:5: note: (near initialization for 'commands')
kern/command_prompt.c:86:13: error: excess elements in scalar initializer [-Werror]
   { "help", "Display this list of commands", command_help },
             ^
kern/command_prompt.c:86:13: note: (near initialization for 'commands')
kern/command_prompt.c:86:46: error: excess elements in scalar initializer [-Werror]
   { "help", "Display this list of commands", command_help },
                                              ^
kern/command_prompt.c:86:46: note: (near initialization for 'commands')
kern/command_prompt.c:87:3: error: braces around scalar initializer [-Werror]
   { "kernel_info", "Display information about the kernel", command_kernel_info },
   ^
kern/command_prompt.c:87:3: note: (near initialization for 'commands')
kern/command_prompt.c:87:5: error: initialization from incompatible pointer type [-Werror=incompatible-pointer-types]
   { "kernel_info", "Display information about the kernel", command_kernel_info },
     ^
kern/command_prompt.c:87:5: note: (near initialization for 'commands')
kern/command_prompt.c:87:20: error: excess elements in scalar initializer [-Werror]
   { "kernel_info", "Display information about the kernel", command_kernel_info },
                    ^
kern/command_prompt.c:87:20: note: (near initialization for 'commands')
kern/command_prompt.c:87:60: error: excess elements in scalar initializer [-Werror]
   { "kernel_info", "Display information about the kernel", command_kernel_info },
                                                            ^
kern/command_prompt.c:87:60: note: (near initialization for 'commands')
kern/command_prompt.c:87:3: error: excess elements in scalar initializer [-Werror]
   { "kernel_info", "Display information about the kernel", command_kernel_info },
   ^
kern/command_prompt.c:87:3: note: (near initialization for 'commands')
kern/command_prompt.c:88:3: error: braces around scalar initializer [-Werror]
   { "wum", "writes one byte to specific location" ,command_writemem},
   ^
kern/command_prompt.c:88:3: note: (near initialization for 'commands')
kern/command_prompt.c:88:5: error: initialization from incompatible pointer type [-Werror=incompatible-pointer-types]
   { "wum", "writes one byte to specific location" ,command_writemem},
     ^
kern/command_prompt.c:88:5: note: (near initialization for 'commands')
kern/command_prompt.c:88:12: error: excess elements in scalar initializer [-Werror]
   { "wum", "writes one byte to specific location" ,command_writemem},
            ^
kern/command_prompt.c:88:12: note: (near initialization for 'commands')
kern/command_prompt.c:88:52: error: excess elements in scalar initializer [-Werror]
   { "wum", "writes one byte to specific location" ,command_writemem},
                                                    ^
kern/command_prompt.c:88:52: note: (near initialization for 'commands')
kern/command_prompt.c:88:3: error: excess elements in scalar initializer [-Werror]
   { "wum", "writes one byte to specific location" ,command_writemem},
   ^
kern/command_prompt.c:88:3: note: (near initialization for 'commands')
kern/command_prompt.c:89:3: error: braces around scalar initializer [-Werror]
   { "rum", "reads one byte from specific location" ,command_readmem},
   ^
kern/command_prompt.c:89:3: note: (near initialization for 'commands')
kern/command_prompt.c:89:5: error: initialization from incompatible pointer type [-Werror=incompatible-pointer-types]
   { "rum", "reads one byte from specific location" ,command_readmem},
     ^
kern/command_prompt.c:89:5: note: (near initialization for 'commands')
kern/command_prompt.c:89:12: error: excess elements in scalar initializer [-Werror]
   { "rum", "reads one byte from specific location" ,command_readmem},
            ^
kern/command_prompt.c:89:12: note: (near initialization for 'commands')
kern/command_prompt.c:89:53: error: excess elements in scalar initializer [-Werror]
   { "rum", "reads one byte from specific location" ,command_readmem},
                                                     ^
kern/command_prompt.c:89:53: note: (near initialization for 'commands')
kern/command_prompt.c:89:3: error: excess elements in scalar initializer [-Werror]
   { "rum", "reads one byte from specific location" ,command_readmem},
   ^
kern/command_prompt.c:89:3: note: (near initialization for 'commands')
kern/command_prompt.c:90:3: error: braces around scalar initializer [-Werror]
   { "meminfo", "Display number of free frames", command_meminfo},
   ^
kern/command_prompt.c:90:3: note: (near initialization for 'commands')
kern/command_prompt.c:90:5: error: initialization from incompatible pointer type [-Werror=incompatible-pointer-types]
   { "meminfo", "Display number of free frames", command_meminfo},
     ^
kern/command_prompt.c:90:5: note: (near initialization for 'commands')
kern/command_prompt.c:90:16: error: excess elements in scalar initializer [-Werror]
   { "meminfo", "Display number of free frames", command_meminfo},
                ^
kern/command_prompt.c:90:16: note: (near initialization for 'commands')
kern/command_prompt.c:90:49: error: excess elements in scalar initializer [-Werror]
   { "meminfo", "Display number of free frames", command_meminfo},
                                                 ^
kern/command_prompt.c:90:49: note: (near initialization for 'commands')
kern/command_prompt.c:90:3: error: excess elements in scalar initializer [-Werror]
   { "meminfo", "Display number of free frames", command_meminfo},
   ^
kern/command_prompt.c:90:3: note: (near initialization for 'commands')
kern/command_prompt.c:93:3: error: braces around scalar initializer [-Werror]
   { "abo", "Who is Abo?", command_abo},
   ^
kern/command_prompt.c:93:3: note: (near initialization for 'commands')
kern/command_prompt.c:93:5: error: initialization from incompatible pointer type [-Werror=incompatible-pointer-types]
   { "abo", "Who is Abo?", command_abo},
     ^
kern/command_prompt.c:93:5: note: (near initialization for 'commands')
kern/command_prompt.c:93:12: error: excess elements in scalar initializer [-Werror]
   { "abo", "Who is Abo?", command_abo},
            ^
kern/command_prompt.c:93:12: note: (near initialization for 'commands')
kern/command_prompt.c:93:27: error: excess elements in scalar initializer [-Werror]
   { "abo", "Who is Abo?", command_abo},
                           ^
kern/command_prompt.c:93:27: note: (near initialization for 'commands')
kern/command_prompt.c:93:3: error: excess elements in scalar initializer [-Werror]
   { "abo", "Who is Abo?", command_abo},
   ^
kern/command_prompt.c:93:3: note: (near initialization for 'commands')
kern/command_prompt.c:94:3: error: braces around scalar initializer [-Werror]
   { "add", "add 2 numbers", command_add},
   ^
kern/command_prompt.c:94:3: note: (near initialization for 'commands')
kern/command_prompt.c:94:5: error: initialization from incompatible pointer type [-Werror=incompatible-pointer-types]
   { "add", "add 2 numbers", command_add},
     ^
kern/command_prompt.c:94:5: note: (near initialization for 'commands')
kern/command_prompt.c:94:12: error: excess elements in scalar initializer [-Werror]
   { "add", "add 2 numbers", command_add},
            ^
kern/command_prompt.c:94:12: note: (near initialization for 'commands')
kern/command_prompt.c:94:29: error: excess elements in scalar initializer [-Werror]
   { "add", "add 2 numbers", command_add},
                             ^
kern/command_prompt.c:94:29: note: (near initialization for 'commands')
kern/command_prompt.c:94:3: error: excess elements in scalar initializer [-Werror]
   { "add", "add 2 numbers", command_add},
   ^
kern/command_prompt.c:94:3: note: (near initialization for 'commands')
kern/command_prompt.c:97:3: error: braces around scalar initializer [-Werror]
   { "ikb", "Lab3.Example: shows mapping info of KERNEL_BASE" ,command_kernel_base_info},
   ^
kern/command_prompt.c:97:3: note: (near initialization for 'commands')
kern/command_prompt.c:97:5: error: initialization from incompatible pointer type [-Werror=incompatible-pointer-types]
   { "ikb", "Lab3.Example: shows mapping info of KERNEL_BASE" ,command_kernel_base_info},
     ^
kern/command_prompt.c:97:5: note: (near initialization for 'commands')
kern/command_prompt.c:97:12: error: excess elements in scalar initializer [-Werror]
   { "ikb", "Lab3.Example: shows mapping info of KERNEL_BASE" ,command_kernel_base_info},
            ^
kern/command_prompt.c:97:12: note: (near initialization for 'commands')
kern/command_prompt.c:97:63: error: excess elements in scalar initializer [-Werror]
   { "ikb", "Lab3.Example: shows mapping info of KERNEL_BASE" ,command_kernel_base_info},
                                                               ^
kern/command_prompt.c:97:63: note: (near initialization for 'commands')
kern/command_prompt.c:97:3: error: excess elements in scalar initializer [-Werror]
   { "ikb", "Lab3.Example: shows mapping info of KERNEL_BASE" ,command_kernel_base_info},
   ^
kern/command_prompt.c:97:3: note: (near initialization for 'commands')
kern/command_prompt.c:98:3: error: braces around scalar initializer [-Werror]
   { "dkb", "Lab3.Example: delete the mapping of KERNEL_BASE" ,command_del_kernel_base},
   ^
kern/command_prompt.c:98:3: note: (near initialization for 'commands')
kern/command_prompt.c:98:5: error: initialization from incompatible pointer type [-Werror=incompatible-pointer-types]
   { "dkb", "Lab3.Example: delete the mapping of KERNEL_BASE" ,command_del_kernel_base},
     ^
kern/command_prompt.c:98:5: note: (near initialization for 'commands')
kern/command_prompt.c:98:12: error: excess elements in scalar initializer [-Werror]
   { "dkb", "Lab3.Example: delete the mapping of KERNEL_BASE" ,command_del_kernel_base},
            ^
kern/command_prompt.c:98:12: note: (near initialization for 'commands')
kern/command_prompt.c:98:63: error: excess elements in scalar initializer [-Werror]
   { "dkb", "Lab3.Example: delete the mapping of KERNEL_BASE" ,command_del_kernel_base},
                                                               ^
kern/command_prompt.c:98:63: note: (near initialization for 'commands')
kern/command_prompt.c:98:3: error: excess elements in scalar initializer [-Werror]
   { "dkb", "Lab3.Example: delete the mapping of KERNEL_BASE" ,command_del_kernel_base},
   ^
kern/command_prompt.c:98:3: note: (near initialization for 'commands')
kern/command_prompt.c:99:3: error: braces around scalar initializer [-Werror]
   { "shr", "Lab3.Example: share one page on another" ,command_share_page},
   ^
kern/command_prompt.c:99:3: note: (near initialization for 'commands')
kern/command_prompt.c:99:5: error: initialization from incompatible pointer type [-Werror=incompatible-pointer-types]
   { "shr", "Lab3.Example: share one page on another" ,command_share_page},
     ^
kern/command_prompt.c:99:5: note: (near initialization for 'commands')
kern/command_prompt.c:99:12: error: excess elements in scalar initializer [-Werror]
   { "shr", "Lab3.Example: share one page on another" ,command_share_page},
            ^
kern/command_prompt.c:99:12: note: (near initialization for 'commands')
kern/command_prompt.c:99:55: error: excess elements in scalar initializer [-Werror]
   { "shr", "Lab3.Example: share one page on another" ,command_share_page},
                                                       ^
kern/command_prompt.c:99:55: note: (near initialization for 'commands')
kern/command_prompt.c:99:3: error: excess elements in scalar initializer [-Werror]
   { "shr", "Lab3.Example: share one page on another" ,command_share_page},
   ^
kern/command_prompt.c:99:3: note: (near initialization for 'commands')
kern/command_prompt.c:102:3: error: braces around scalar initializer [-Werror]
   { "sm", "Lab4.HandsOn: display the mapping info for the given virtual address", command_show_mapping},
   ^
kern/command_prompt.c:102:3: note: (near initialization for 'commands')
kern/command_prompt.c:102:5: error: initialization from incompatible pointer type [-Werror=incompatible-pointer-types]
   { "sm", "Lab4.HandsOn: display the mapping info for the given virtual address", command_show_mapping},
     ^
kern/command_prompt.c:102:5: note: (near initialization for 'commands')
kern/command_prompt.c:102:11: error: excess elements in scalar initializer [-Werror]
   { "sm", "Lab4.HandsOn: display the mapping info for the given virtual address", command_show_mapping},
           ^
kern/command_prompt.c:102:11: note: (near initialization for 'commands')
kern/command_prompt.c:102:83: error: excess elements in scalar initializer [-Werror]
   { "sm", "Lab4.HandsOn: display the mapping info for the given virtual address", command_show_mapping},
                                                                                   ^
kern/command_prompt.c:102:83: note: (near initialization for 'commands')
kern/command_prompt.c:102:3: error: excess elements in scalar initializer [-Werror]
   { "sm", "Lab4.HandsOn: display the mapping info for the given virtual address", command_show_mapping},
   ^
kern/command_prompt.c:102:3: note: (near initialization for 'commands')
kern/command_prompt.c:103:3: error: braces around scalar initializer [-Werror]
   { "sp", "Lab4.HandsOn: set the desired permission to a given virtual address page", command_set_permission},
   ^
kern/command_prompt.c:103:3: note: (near initialization for 'commands')
kern/command_prompt.c:103:5: error: initialization from incompatible pointer type [-Werror=incompatible-pointer-types]
   { "sp", "Lab4.HandsOn: set the desired permission to a given virtual address page", command_set_permission},
     ^
kern/command_prompt.c:103:5: note: (near initialization for 'commands')
kern/command_prompt.c:103:11: error: excess elements in scalar initializer [-Werror]
   { "sp", "Lab4.HandsOn: set the desired permission to a given virtual address page", command_set_permission},
           ^
kern/command_prompt.c:103:11: note: (near initialization for 'commands')
kern/command_prompt.c:103:87: error: excess elements in scalar initializer [-Werror]
   { "sp", "Lab4.HandsOn: set the desired permission to a given virtual address page", command_set_permission},
                                                                                       ^
kern/command_prompt.c:103:87: note: (near initialization for 'commands')
kern/command_prompt.c:103:3: error: excess elements in scalar initializer [-Werror]
   { "sp", "Lab4.HandsOn: set the desired permission to a given virtual address page", command_set_permission},
   ^
kern/command_prompt.c:103:3: note: (near initialization for 'commands')
kern/command_prompt.c:104:3: error: braces around scalar initializer [-Werror]
   { "sr", "Lab4.HandsOn: shares the physical frames of the first virtual range with the 2nd virtual range", command_share_range},
   ^
kern/command_prompt.c:104:3: note: (near initialization for 'commands')
kern/command_prompt.c:104:5: error: initialization from incompatible pointer type [-Werror=incompatible-pointer-types]
   { "sr", "Lab4.HandsOn: shares the physical frames of the first virtual range with the 2nd virtual range", command_share_range},
     ^
kern/command_prompt.c:104:5: note: (near initialization for 'commands')
kern/command_prompt.c:104:11: error: excess elements in scalar initializer [-Werror]
   { "sr", "Lab4.HandsOn: shares the physical frames of the first virtual range with the 2nd virtual range", command_share_range},
           ^
kern/command_prompt.c:104:11: note: (near initialization for 'commands')
kern/command_prompt.c:104:109: error: excess elements in scalar initializer [-Werror]
   { "sr", "Lab4.HandsOn: shares the physical frames of the first virtual range with the 2nd virtual range", command_share_range},
                                                                                                             ^
kern/command_prompt.c:104:109: note: (near initialization for 'commands')
kern/command_prompt.c:104:3: error: excess elements in scalar initializer [-Werror]
   { "sr", "Lab4.HandsOn: shares the physical frames of the first virtual range with the 2nd virtual range", command_share_range},
   ^
kern/command_prompt.c:104:3: note: (near initialization for 'commands')
kern/command_prompt.c:107:3: error: braces around scalar initializer [-Werror]
   { "nr", "Lab5.Example: show the number of references of the physical frame" ,command_nr},
   ^
kern/command_prompt.c:107:3: note: (near initialization for 'commands')
kern/command_prompt.c:107:5: error: initialization from incompatible pointer type [-Werror=incompatible-pointer-types]
   { "nr", "Lab5.Example: show the number of references of the physical frame" ,command_nr},
     ^
kern/command_prompt.c:107:5: note: (near initialization for 'commands')
kern/command_prompt.c:107:11: error: excess elements in scalar initializer [-Werror]
   { "nr", "Lab5.Example: show the number of references of the physical frame" ,command_nr},
           ^
kern/command_prompt.c:107:11: note: (near initialization for 'commands')
kern/command_prompt.c:107:80: error: excess elements in scalar initializer [-Werror]
   { "nr", "Lab5.Example: show the number of references of the physical frame" ,command_nr},
                                                                                ^
kern/command_prompt.c:107:80: note: (near initialization for 'commands')
kern/command_prompt.c:107:3: error: excess elements in scalar initializer [-Werror]
   { "nr", "Lab5.Example: show the number of references of the physical frame" ,command_nr},
   ^
kern/command_prompt.c:107:3: note: (near initialization for 'commands')
kern/command_prompt.c:108:3: error: braces around scalar initializer [-Werror]
   { "ap", "Lab5.Example: allocate one page [if not exists] in the user space at the given virtual address", command_ap},
   ^
kern/command_prompt.c:108:3: note: (near initialization for 'commands')
kern/command_prompt.c:108:5: error: initialization from incompatible pointer type [-Werror=incompatible-pointer-types]
   { "ap", "Lab5.Example: allocate one page [if not exists] in the user space at the given virtual address", command_ap},
     ^
kern/command_prompt.c:108:5: note: (near initialization for 'commands')
kern/command_prompt.c:108:11: error: excess elements in scalar initializer [-Werror]
   { "ap", "Lab5.Example: allocate one page [if not exists] in the user space at the given virtual address", command_ap},
           ^
kern/command_prompt.c:108:11: note: (near initialization for 'commands')
kern/command_prompt.c:108:109: error: excess elements in scalar initializer [-Werror]
   { "ap", "Lab5.Example: allocate one page [if not exists] in the user space at the given virtual address", command_ap},
                                                                                                             ^
kern/command_prompt.c:108:109: note: (near initialization for 'commands')
kern/command_prompt.c:108:3: error: excess elements in scalar initializer [-Werror]
   { "ap", "Lab5.Example: allocate one page [if not exists] in the user space at the given virtual address", command_ap},
   ^
kern/command_prompt.c:108:3: note: (near initialization for 'commands')
kern/command_prompt.c:109:3: error: braces around scalar initializer [-Werror]
   { "fp", "Lab5.Example: free one page in the user space at the given virtual address", command_fp},
   ^
kern/command_prompt.c:109:3: note: (near initialization for 'commands')
kern/command_prompt.c:109:5: error: initialization from incompatible pointer type [-Werror=incompatible-pointer-types]
   { "fp", "Lab5.Example: free one page in the user space at the given virtual address", command_fp},
     ^
kern/command_prompt.c:109:5: note: (near initialization for 'commands')
kern/command_prompt.c:109:11: error: excess elements in scalar initializer [-Werror]
   { "fp", "Lab5.Example: free one page in the user space at the given virtual address", command_fp},
           ^
kern/command_prompt.c:109:11: note: (near initialization for 'commands')
kern/command_prompt.c:109:89: error: excess elements in scalar initializer [-Werror]
   { "fp", "Lab5.Example: free one page in the user space at the given virtual address", command_fp},
                                                                                         ^
kern/command_prompt.c:109:89: note: (near initialization for 'commands')
kern/command_prompt.c:109:3: error: excess elements in scalar initializer [-Werror]
   { "fp", "Lab5.Example: free one page in the user space at the given virtual address", command_fp},
   ^
kern/command_prompt.c:109:3: note: (near initialization for 'commands')
kern/command_prompt.c:112:3: error: braces around scalar initializer [-Werror]
   { "asp", "Lab5.HandsOn: allocate 2 shared pages with the given virtual addresses" ,command_asp},
   ^
kern/command_prompt.c:112:3: note: (near initialization for 'commands')
kern/command_prompt.c:112:5: error: initialization from incompatible pointer type [-Werror=incompatible-pointer-types]
   { "asp", "Lab5.HandsOn: allocate 2 shared pages with the given virtual addresses" ,command_asp},
     ^
kern/command_prompt.c:112:5: note: (near initialization for 'commands')
kern/command_prompt.c:112:12: error: excess elements in scalar initializer [-Werror]
   { "asp", "Lab5.HandsOn: allocate 2 shared pages with the given virtual addresses" ,command_asp},
            ^
kern/command_prompt.c:112:12: note: (near initialization for 'commands')
kern/command_prompt.c:112:86: error: excess elements in scalar initializer [-Werror]
   { "asp", "Lab5.HandsOn: allocate 2 shared pages with the given virtual addresses" ,command_asp},
                                                                                      ^
kern/command_prompt.c:112:86: note: (near initialization for 'commands')
kern/command_prompt.c:112:3: error: excess elements in scalar initializer [-Werror]
   { "asp", "Lab5.HandsOn: allocate 2 shared pages with the given virtual addresses" ,command_asp},
   ^
kern/command_prompt.c:112:3: note: (near initialization for 'commands')
kern/command_prompt.c:113:3: error: braces around scalar initializer [-Werror]
   { "cfp", "Lab5.HandsOn: count the number of free pages in the given range", command_cfp},
   ^
kern/command_prompt.c:113:3: note: (near initialization for 'commands')
kern/command_prompt.c:113:5: error: initialization from incompatible pointer type [-Werror=incompatible-pointer-types]
   { "cfp", "Lab5.HandsOn: count the number of free pages in the given range", command_cfp},
     ^
kern/command_prompt.c:113:5: note: (near initialization for 'commands')
kern/command_prompt.c:113:12: error: excess elements in scalar initializer [-Werror]
   { "cfp", "Lab5.HandsOn: count the number of free pages in the given range", command_cfp},
            ^
kern/command_prompt.c:113:12: note: (near initialization for 'commands')
kern/command_prompt.c:113:79: error: excess elements in scalar initializer [-Werror]
   { "cfp", "Lab5.HandsOn: count the number of free pages in the given range", command_cfp},
                                                                               ^
kern/command_prompt.c:113:79: note: (near initialization for 'commands')
kern/command_prompt.c:113:3: error: excess elements in scalar initializer [-Werror]
   { "cfp", "Lab5.HandsOn: count the number of free pages in the given range", command_cfp},
   ^
kern/command_prompt.c:113:3: note: (near initialization for 'commands')
kern/command_prompt.c:116:3: error: braces around scalar initializer [-Werror]
   { "ft", "Lab6.Example: Free table", command_ft},
   ^
kern/command_prompt.c:116:3: note: (near initialization for 'commands')
kern/command_prompt.c:116:5: error: initialization from incompatible pointer type [-Werror=incompatible-pointer-types]
   { "ft", "Lab6.Example: Free table", command_ft},
     ^
kern/command_prompt.c:116:5: note: (near initialization for 'commands')
kern/command_prompt.c:116:11: error: excess elements in scalar initializer [-Werror]
   { "ft", "Lab6.Example: Free table", command_ft},
           ^
kern/command_prompt.c:116:11: note: (near initialization for 'commands')
kern/command_prompt.c:116:39: error: excess elements in scalar initializer [-Werror]
   { "ft", "Lab6.Example: Free table", command_ft},
                                       ^
kern/command_prompt.c:116:39: note: (near initialization for 'commands')
kern/command_prompt.c:116:3: error: excess elements in scalar initializer [-Werror]
   { "ft", "Lab6.Example: Free table", command_ft},
   ^
kern/command_prompt.c:116:3: note: (near initialization for 'commands')
kern/command_prompt.c:117:3: error: braces around scalar initializer [-Werror]
   { "run", "Lab6.Example: Load and Run User Program", command_run},
   ^
kern/command_prompt.c:117:3: note: (near initialization for 'commands')
kern/command_prompt.c:117:5: error: initialization from incompatible pointer type [-Werror=incompatible-pointer-types]
   { "run", "Lab6.Example: Load and Run User Program", command_run},
     ^
kern/command_prompt.c:117:5: note: (near initialization for 'commands')
kern/command_prompt.c:117:12: error: excess elements in scalar initializer [-Werror]
   { "run", "Lab6.Example: Load and Run User Program", command_run},
            ^
kern/command_prompt.c:117:12: note: (near initialization for 'commands')
kern/command_prompt.c:117:55: error: excess elements in scalar initializer [-Werror]
   { "run", "Lab6.Example: Load and Run User Program", command_run},
                                                       ^
kern/command_prompt.c:117:55: note: (near initialization for 'commands')
kern/command_prompt.c:117:3: error: excess elements in scalar initializer [-Werror]
   { "run", "Lab6.Example: Load and Run User Program", command_run},
   ^
kern/command_prompt.c:117:3: note: (near initialization for 'commands')
kern/command_prompt.c:118:3: error: braces around scalar initializer [-Werror]
   { "kill", "Lab6.Example: Kill User Program", command_kill},
   ^
kern/command_prompt.c:118:3: note: (near initialization for 'commands')
kern/command_prompt.c:118:5: error: initialization from incompatible pointer type [-Werror=incompatible-pointer-types]
   { "kill", "Lab6.Example: Kill User Program", command_kill},
     ^
kern/command_prompt.c:118:5: note: (near initialization for 'commands')
kern/command_prompt.c:118:13: error: excess elements in scalar initializer [-Werror]
   { "kill", "Lab6.Example: Kill User Program", command_kill},
             ^
kern/command_prompt.c:118:13: note: (near initialization for 'commands')
kern/command_prompt.c:118:48: error: excess elements in scalar initializer [-Werror]
   { "kill", "Lab6.Example: Kill User Program", command_kill},
                                                ^
kern/command_prompt.c:118:48: note: (near initialization for 'commands')
kern/command_prompt.c:118:3: error: excess elements in scalar initializer [-Werror]
   { "kill", "Lab6.Example: Kill User Program", command_kill},
   ^
kern/command_prompt.c:118:3: note: (near initialization for 'commands')
kern/command_prompt.c:128:1: error: expected '=', ',', ';', 'asm' or '__attribute__' before '{' token
 {
 ^
kern/command_prompt.c:151:1: error: expected '=', ',', ';', 'asm' or '__attribute__' before '{' token
 {
 ^
kern/command_prompt.c:192:1: error: expected '=', ',', ';', 'asm' or '__attribute__' before '{' token
 {
 ^
kern/command_prompt.c:204:1: error: expected '=', ',', ';', 'asm' or '__attribute__' before '{' token
 {
 ^
kern/command_prompt.c:219:1: error: expected '=', ',', ';', 'asm' or '__attribute__' before '{' token
 {
 ^
kern/command_prompt.c:229:1: error: expected '=', ',', ';', 'asm' or '__attribute__' before '{' token
 {
 ^
kern/command_prompt.c:239:1: error: expected '=', ',', ';', 'asm' or '__attribute__' before '{' token
 {
 ^
kern/command_prompt.c:249:1: error: expected '=', ',', ';', 'asm' or '__attribute__' before '{' token
 {
 ^
kern/command_prompt.c:255:1: error: expected '=', ',', ';', 'asm' or '__attribute__' before '{' token
 {
 ^
kern/command_prompt.c:272:1: error: expected '=', ',', ';', 'asm' or '__attribute__' before '{' token
 {
 ^
kern/command_prompt.c:282:1: error: expected '=', ',', ';', 'asm' or '__attribute__' before '{' token
 {
 ^
kern/command_prompt.c:291:1: error: expected '=', ',', ';', 'asm' or '__attribute__' before '{' token
 {
 ^
kern/command_prompt.c:303:1: error: expected '=', ',', ';', 'asm' or '__attribute__' before '{' token
 {
 ^
kern/command_prompt.c:312:1: error: expected '=', ',', ';', 'asm' or '__attribute__' before '{' token
 {
 ^
kern/command_prompt.c:321:1: error: expected '=', ',', ';', 'asm' or '__attribute__' before '{' token
 {
 ^
kern/command_prompt.c:334:1: error: expected '=', ',', ';', 'asm' or '__attribute__' before '{' token
 {
 ^
kern/command_prompt.c:344:1: error: expected '=', ',', ';', 'asm' or '__attribute__' before '{' token
 {
 ^
kern/command_prompt.c:359:1: error: expected '=', ',', ';', 'asm' or '__attribute__' before '{' token
 {
 ^
kern/command_prompt.c:376:1: error: expected '=', ',', ';', 'asm' or '__attribute__' before '{' token
 {
 ^
kern/command_prompt.c:387:1: error: expected '=', ',', ';', 'asm' or '__attribute__' before '{' token
 {
 ^
kern/command_prompt.c:399:1: error: expected '=', ',', ';', 'asm' or '__attribute__' before '{' token
 {
 ^
kern/command_prompt.c:410:1: error: expected '=', ',', ';', 'asm' or '__attribute__' before '{' token
 {
 ^
kern/command_prompt.c:422:1: error: expected '=', ',', ';', 'asm' or '__attribute__' before '{' token
 {
 ^
kern/command_prompt.c:51:5: error: old-style parameter declarations in prototyped function definition
 int command_add(int number_of_arguments, char **arguments)
     ^
kern/command_prompt.c:427:1: error: expected '{' at end of input
 }
 ^
kern/command_prompt.c:427:1: error: control reaches end of non-void function [-Werror=return-type]
 }
 ^
cc1: all warnings being treated as errors
kern/Makefrag:50: recipe for target 'obj/kern/command_prompt.o' failed
make: *** [obj/kern/command_prompt.o] Error 1
11:05:27 **** Incremental Build of configuration Default for project FOS_Labs_Template ****
make -j16 all 
+ cc kern/command_prompt.c
+ ld obj/kern/kernel
+ mk obj/kern/bochs.img
11:27:46 **** Incremental Build of configuration Default for project FOS_Labs_Template ****
make -j16 all 
+ cc kern/command_prompt.c
kern/command_prompt.c: In function 'command_fact':
kern/command_prompt.c:288:11: error: too few arguments to function 'strtol'
  long n = strtol(argv[1]);
           ^
In file included from kern/command_prompt.c:14:0:
./inc/string.h:24:6: note: declared here
 long strtol(const char *s, char **endptr, int base);
      ^
kern/Makefrag:50: recipe for target 'obj/kern/command_prompt.o' failed
make: *** [obj/kern/command_prompt.o] Error 1
11:28:19 **** Incremental Build of configuration Default for project FOS_Labs_Template ****
make -j16 all 
+ cc kern/command_prompt.c
+ ld obj/kern/kernel
+ mk obj/kern/bochs.img
11:29:24 **** Incremental Build of configuration Default for project FOS_Labs_Template ****
make -j16 all 
+ cc kern/command_prompt.c
+ ld obj/kern/kernel
+ mk obj/kern/bochs.img
06:52:14 **** Incremental Build of configuration Default for project FOS_Labs_Template ****
make -j16 all 
+ cc kern/command_prompt.c
+ ld obj/kern/kernel
+ mk obj/kern/bochs.img
07:13:03 **** Incremental Build of configuration Default for project FOS_Labs_Template ****
make -j16 all 
+ cc kern/command_prompt.c
+ ld obj/kern/kernel
+ mk obj/kern/bochs.img
07:16:04 **** Incremental Build of configuration Default for project FOS_Labs_Template ****
make -j16 all 
make: Nothing to be done for 'all'.
07:17:39 **** Incremental Build of configuration Default for project FOS_Labs_Template ****
make -j16 all 
make: Nothing to be done for 'all'.
07:21:09 **** Incremental Build of configuration Default for project FOS_Labs_Template ****
make -j16 all 
+ cc kern/command_prompt.c
+ ld obj/kern/kernel
+ mk obj/kern/bochs.img
07:24:13 **** Incremental Build of configuration Default for project FOS_Labs_Template ****
make -j16 all 
+ cc kern/command_prompt.c
+ ld obj/kern/kernel
+ mk obj/kern/bochs.img
07:24:36 **** Incremental Build of configuration Default for project FOS_Labs_Template ****
make -j16 all 
make: Nothing to be done for 'all'.
07:27:22 **** Incremental Build of configuration Default for project FOS_Labs_Template ****
make -j16 all 
+ cc kern/command_prompt.c
+ ld obj/kern/kernel
+ mk obj/kern/bochs.img
07:28:38 **** Incremental Build of configuration Default for project FOS_Labs_Template ****
make -j16 all 
make: Nothing to be done for 'all'.
07:30:31 **** Incremental Build of configuration Default for project FOS_Labs_Template ****
make -j16 all 
make: Nothing to be done for 'all'.
07:43:26 **** Incremental Build of configuration Default for project FOS_Labs_Template ****
make -j16 all 
+ cc kern/command_prompt.c
kern/command_prompt.c: In function 'command_readblock':
kern/command_prompt.c:313:47: error: invalid type argument of unary '*' (have 'unsigned int')
   cprintf("Value @%x = %c\n", virtualAddress, *virtualAddress);
                                               ^
make: *** [obj/kern/command_prompt.o] Error 1
kern/Makefrag:50: recipe for target 'obj/kern/command_prompt.o' failed
07:44:26 **** Incremental Build of configuration Default for project FOS_Labs_Template ****
make -j16 all 
+ cc kern/command_prompt.c
kern/command_prompt.c: In function 'command_readblock':
kern/command_prompt.c:309:34: error: initialization makes pointer from integer without a cast [-Werror=int-conversion]
  unsigned char *virtualAddress = strtol(argv[1], NULL, 16);
                                  ^
cc1: all warnings being treated as errors
kern/Makefrag:50: recipe for target 'obj/kern/command_prompt.o' failed
make: *** [obj/kern/command_prompt.o] Error 1
07:46:24 **** Incremental Build of configuration Default for project FOS_Labs_Template ****
make -j16 all 
+ cc kern/command_prompt.c
kern/command_prompt.c: In function 'command_readblock':
kern/command_prompt.c:310:2: error: expected ',' or ';' before 'unsigned'
  unsigned char *byte = (unsigned char *)(virtualAddress);
  ^
kern/command_prompt.c:313:46: error: 'byte' undeclared (first use in this function)
  for(unsigned int i = 0; i < charCount; i++, byte++)
                                              ^
kern/command_prompt.c:313:46: note: each undeclared identifier is reported only once for each function it appears in
make: *** [obj/kern/command_prompt.o] Error 1
kern/Makefrag:50: recipe for target 'obj/kern/command_prompt.o' failed
07:46:30 **** Incremental Build of configuration Default for project FOS_Labs_Template ****
make -j16 all 
+ cc kern/command_prompt.c
+ ld obj/kern/kernel
+ mk obj/kern/bochs.img
08:05:45 **** Incremental Build of configuration Default for project FOS_Labs_Template ****
make -j16 all 
+ cc kern/command_prompt.c
kern/command_prompt.c: In function 'command_createintarray':
kern/command_prompt.c:328:22: error: implicit declaration of function 'malloc' [-Werror=implicit-function-declaration]
  int *allocatedArr = malloc(sizeof(int) * arrLen);
                      ^
kern/command_prompt.c:328:22: error: initialization makes pointer from integer without a cast [-Werror=int-conversion]
kern/command_prompt.c:331:3: error: implicit declaration of function 'cpritnf' [-Werror=implicit-function-declaration]
   cpritnf("No available Memory\n")
   ^
kern/command_prompt.c:332:3: error: expected ';' before 'return'
   return 0;
   ^
cc1: all warnings being treated as errors
kern/Makefrag:50: recipe for target 'obj/kern/command_prompt.o' failed
make: *** [obj/kern/command_prompt.o] Error 1
08:06:39 **** Incremental Build of configuration Default for project FOS_Labs_Template ****
make -j16 all 
+ cc kern/command_prompt.c
kern/command_prompt.c: In function 'command_createintarray':
kern/command_prompt.c:328:29: error: implicit declaration of function 'malloc' [-Werror=implicit-function-declaration]
  int *allocatedArr = (int *)malloc(sizeof(int) * arrLen);
                             ^
kern/command_prompt.c:331:3: error: implicit declaration of function 'cpritnf' [-Werror=implicit-function-declaration]
   cpritnf("No available Memory\n");
   ^
cc1: all warnings being treated as errors
kern/Makefrag:50: recipe for target 'obj/kern/command_prompt.o' failed
make: *** [obj/kern/command_prompt.o] Error 1
08:07:15 **** Incremental Build of configuration Default for project FOS_Labs_Template ****
make -j16 all 
+ cc kern/command_prompt.c
kern/command_prompt.c: In function 'command_createintarray':
kern/command_prompt.c:328:29: error: implicit declaration of function 'malloc' [-Werror=implicit-function-declaration]
  int *allocatedArr = (int *)malloc(sizeof(int) * arrLen);
                             ^
cc1: all warnings being treated as errors
kern/Makefrag:50: recipe for target 'obj/kern/command_prompt.o' failed
make: *** [obj/kern/command_prompt.o] Error 1
09:40:35 **** Incremental Build of configuration Default for project FOS_Labs_Template ****
make -j16 all 
+ cc kern/command_prompt.c
kern/command_prompt.c: In function 'command_show_mapping':
kern/command_prompt.c:386:32: error: too few arguments to function 'strtol'
  unsigned int virtualAddress = strtol(argv[1]);
                                ^
In file included from kern/command_prompt.c:14:0:
./inc/string.h:24:6: note: declared here
 long strtol(const char *s, char **endptr, int base);
      ^
kern/command_prompt.c:396:37: error: passing argument 2 of 'get_page_table' makes pointer from integer without a cast [-Werror=int-conversion]
  get_page_table(ptr_page_directory, virtualAddress, 1, PT_ptr);
                                     ^
In file included from kern/command_prompt.c:22:0:
./kern/memory_manager.h:62:5: note: expected 'const void *' but argument is of type 'unsigned int'
 int get_page_table(uint32 *ptr_page_directory, const void *virtual_address, int create, uint32 **ptr_page_table);
     ^
kern/command_prompt.c:396:56: error: passing argument 4 of 'get_page_table' makes pointer from integer without a cast [-Werror=int-conversion]
  get_page_table(ptr_page_directory, virtualAddress, 1, PT_ptr);
                                                        ^
In file included from kern/command_prompt.c:22:0:
./kern/memory_manager.h:62:5: note: expected 'uint32 ** {aka unsigned int **}' but argument is of type 'unsigned int'
 int get_page_table(uint32 *ptr_page_directory, const void *virtual_address, int create, uint32 **ptr_page_table);
     ^
kern/command_prompt.c:397:34: error: subscripted value is neither array nor pointer nor vector
  unsigned int PTE_level2 = PT_ptr[PTX(virtualAddress)];
                                  ^
cc1: all warnings being treated as errors
kern/Makefrag:50: recipe for target 'obj/kern/command_prompt.o' failed
make: *** [obj/kern/command_prompt.o] Error 1
09:41:17 **** Incremental Build of configuration Default for project FOS_Labs_Template ****
make -j16 all 
+ cc kern/command_prompt.c
kern/command_prompt.c: In function 'command_show_mapping':
kern/command_prompt.c:386:32: error: too few arguments to function 'strtol'
  unsigned int virtualAddress = strtol(argv[1]);
                                ^
In file included from kern/command_prompt.c:14:0:
./inc/string.h:24:6: note: declared here
 long strtol(const char *s, char **endptr, int base);
      ^
kern/command_prompt.c:396:70: error: passing argument 4 of 'get_page_table' makes pointer from integer without a cast [-Werror=int-conversion]
  get_page_table(ptr_page_directory, (const void *)virtualAddress, 1, PT_ptr);
                                                                      ^
In file included from kern/command_prompt.c:22:0:
./kern/memory_manager.h:62:5: note: expected 'uint32 ** {aka unsigned int **}' but argument is of type 'unsigned int'
 int get_page_table(uint32 *ptr_page_directory, const void *virtual_address, int create, uint32 **ptr_page_table);
     ^
kern/command_prompt.c:397:34: error: subscripted value is neither array nor pointer nor vector
  unsigned int PTE_level2 = PT_ptr[PTX(virtualAddress)];
                                  ^
cc1: all warnings being treated as errors
make: *** [obj/kern/command_prompt.o] Error 1
kern/Makefrag:50: recipe for target 'obj/kern/command_prompt.o' failed
09:42:12 **** Incremental Build of configuration Default for project FOS_Labs_Template ****
make -j16 all 
+ cc kern/command_prompt.c
kern/command_prompt.c: In function 'command_show_mapping':
kern/command_prompt.c:386:32: error: too few arguments to function 'strtol'
  unsigned int virtualAddress = strtol(argv[1]);
                                ^
In file included from kern/command_prompt.c:14:0:
./inc/string.h:24:6: note: declared here
 long strtol(const char *s, char **endptr, int base);
      ^
kern/command_prompt.c:396:64: error: passing argument 4 of 'get_page_table' from incompatible pointer type [-Werror=incompatible-pointer-types]
  get_page_table(ptr_page_directory, (void *)virtualAddress, 1, &PT_ptr);
                                                                ^
In file included from kern/command_prompt.c:22:0:
./kern/memory_manager.h:62:5: note: expected 'uint32 ** {aka unsigned int **}' but argument is of type 'unsigned int *'
 int get_page_table(uint32 *ptr_page_directory, const void *virtual_address, int create, uint32 **ptr_page_table);
     ^
kern/command_prompt.c:397:34: error: subscripted value is neither array nor pointer nor vector
  unsigned int PTE_level2 = PT_ptr[PTX(virtualAddress)];
                                  ^
cc1: all warnings being treated as errors
kern/Makefrag:50: recipe for target 'obj/kern/command_prompt.o' failed
make: *** [obj/kern/command_prompt.o] Error 1
09:42:35 **** Incremental Build of configuration Default for project FOS_Labs_Template ****
make -j16 all 
+ cc kern/command_prompt.c
kern/command_prompt.c: In function 'command_show_mapping':
kern/command_prompt.c:386:32: error: too few arguments to function 'strtol'
  unsigned int virtualAddress = strtol(argv[1]);
                                ^
In file included from kern/command_prompt.c:14:0:
./inc/string.h:24:6: note: declared here
 long strtol(const char *s, char **endptr, int base);
      ^
kern/command_prompt.c:396:37: error: passing argument 2 of 'get_page_table' makes pointer from integer without a cast [-Werror=int-conversion]
  get_page_table(ptr_page_directory, virtualAddress, 1, &PT_ptr);
                                     ^
In file included from kern/command_prompt.c:22:0:
./kern/memory_manager.h:62:5: note: expected 'const void *' but argument is of type 'unsigned int'
 int get_page_table(uint32 *ptr_page_directory, const void *virtual_address, int create, uint32 **ptr_page_table);
     ^
cc1: all warnings being treated as errors
kern/Makefrag:50: recipe for target 'obj/kern/command_prompt.o' failed
make: *** [obj/kern/command_prompt.o] Error 1
09:43:10 **** Incremental Build of configuration Default for project FOS_Labs_Template ****
make -j16 all 
+ cc kern/command_prompt.c
kern/command_prompt.c: In function 'command_show_mapping':
kern/command_prompt.c:386:32: error: too few arguments to function 'strtol'
  unsigned int virtualAddress = strtol(argv[1]);
                                ^
In file included from kern/command_prompt.c:14:0:
./inc/string.h:24:6: note: declared here
 long strtol(const char *s, char **endptr, int base);
      ^
kern/Makefrag:50: recipe for target 'obj/kern/command_prompt.o' failed
make: *** [obj/kern/command_prompt.o] Error 1
09:43:35 **** Incremental Build of configuration Default for project FOS_Labs_Template ****
make -j16 all 
+ cc kern/command_prompt.c
+ ld obj/kern/kernel
+ mk obj/kern/bochs.img
09:49:46 **** Incremental Build of configuration Default for project FOS_Labs_Template ****
make -j16 all 
make: Nothing to be done for 'all'.
22:04:57 **** Build of configuration Default for project FOS_Labs_Template ****
make -j16 all 
+ cc kern/command_prompt.c
kern/command_prompt.c: In function 'command_set_permission':
kern/command_prompt.c:418:32: error: too few arguments to function 'strtol'
  unsigned int virtualAddress = strtol(argv[1]);
                                ^
In file included from kern/command_prompt.c:14:0:
./inc/string.h:24:6: note: declared here
 long strtol(const char *s, char **endptr, int base);
      ^
kern/command_prompt.c:421:2: error: expected identifier or '(' before 'return'
  return (0);
  ^
kern/command_prompt.c:422:1: error: control reaches end of non-void function [-Werror=return-type]
kern/Makefrag:50: recipe for target 'obj/kern/command_prompt.o' failed
 }
 ^
cc1: all warnings being treated as errors
make: *** [obj/kern/command_prompt.o] Error 1
22:19:45 **** Incremental Build of configuration Default for project FOS_Labs_Template ****
make -j16 all 
+ cc kern/command_prompt.c
+ ld obj/kern/kernel
+ mk obj/kern/bochs.img
22:27:11 **** Incremental Build of configuration Default for project FOS_Labs_Template ****
make -j16 all 
make: Nothing to be done for 'all'.
00:32:53 **** Incremental Build of configuration Default for project FOS_Labs_Template ****
make -j16 all 
make: Nothing to be done for 'all'.
00:33:29 **** Incremental Build of configuration Default for project FOS_Labs_Template ****
make -j16 all 
make: Nothing to be done for 'all'.
00:34:21 **** Incremental Build of configuration Default for project FOS_Labs_Template ****
make -j16 all 
make: Nothing to be done for 'all'.
00:41:48 **** Incremental Build of configuration Default for project FOS_Labs_Template ****
make -j16 all 
+ cc kern/command_prompt.c
kern/command_prompt.c: In function 'command_set_permission':
kern/command_prompt.c:418:32: error: too few arguments to function 'strtol'
  unsigned int virtualAddress = strtol(argv[1]);
                                ^
In file included from kern/command_prompt.c:14:0:
./inc/string.h:24:6: note: declared here
 long strtol(const char *s, char **endptr, int base);
      ^
kern/Makefrag:50: recipe for target 'obj/kern/command_prompt.o' failed
make: *** [obj/kern/command_prompt.o] Error 1
00:42:24 **** Incremental Build of configuration Default for project FOS_Labs_Template ****
make -j16 all 
+ cc kern/command_prompt.c
+ ld obj/kern/kernel
obj/kern/command_prompt.o: In function `command_set_permission':
kern/command_prompt.c:420: undefined reference to `printf'
kern/Makefrag:66: recipe for target 'obj/kern/kernel' failed
make: *** [obj/kern/kernel] Error 1
00:42:33 **** Incremental Build of configuration Default for project FOS_Labs_Template ****
make -j16 all 
+ cc kern/command_prompt.c
+ ld obj/kern/kernel
+ mk obj/kern/bochs.img
01:03:50 **** Incremental Build of configuration Default for project FOS_Labs_Template ****
make -j16 all 
+ cc kern/command_prompt.c
kern/command_prompt.c: In function 'command_set_permission':
kern/command_prompt.c:422:50: error: passing argument 2 of 'get_page_table' makes pointer from integer without a cast [-Werror=int-conversion]
  uint32 *PT = get_page_table(ptr_page_directory, virtualAddress, 1, &PT);
                                                  ^
In file included from kern/command_prompt.c:22:0:
./kern/memory_manager.h:62:5: note: expected 'const void *' but argument is of type 'uint32 {aka unsigned int}'
 int get_page_table(uint32 *ptr_page_directory, const void *virtual_address, int create, uint32 **ptr_page_table);
     ^
kern/command_prompt.c:422:15: error: initialization makes pointer from integer without a cast [-Werror=int-conversion]
  uint32 *PT = get_page_table(ptr_page_directory, virtualAddress, 1, &PT);
               ^
kern/command_prompt.c:424:13: error: initialization makes integer from pointer without a cast [-Werror=int-conversion]
  char set = strcmp
             ^
kern/command_prompt.c:426:2: error: expected ',' or ';' before 'if'
  if (strcmp("w", mode)) // Set
  ^
kern/command_prompt.c:428:2: error: 'else' without a previous 'if'
  else if (strcmp("r", mode)) // Reset
  ^
kern/command_prompt.c:428:23: error: passing argument 2 of 'strcmp' makes pointer from integer without a cast [-Werror=int-conversion]
  else if (strcmp("r", mode)) // Reset
                       ^
In file included from kern/command_prompt.c:14:0:
./inc/string.h:13:5: note: expected 'const char *' but argument is of type 'char'
 int strcmp(const char *s1, const char *s2);
     ^
cc1: all warnings being treated as errors
kern/Makefrag:50: recipe for target 'obj/kern/command_prompt.o' failed
make: *** [obj/kern/command_prompt.o] Error 1
01:04:29 **** Incremental Build of configuration Default for project FOS_Labs_Template ****
make -j16 all 
+ cc kern/command_prompt.c
kern/command_prompt.c: In function 'command_set_permission':
kern/command_prompt.c:422:60: error: passing argument 2 of 'get_page_table' makes pointer from integer without a cast [-Werror=int-conversion]
  uint32 *PT = (uint32 *)get_page_table(ptr_page_directory, virtualAddress, 1, &PT);
                                                            ^
In file included from kern/command_prompt.c:22:0:
./kern/memory_manager.h:62:5: note: expected 'const void *' but argument is of type 'uint32 {aka unsigned int}'
 int get_page_table(uint32 *ptr_page_directory, const void *virtual_address, int create, uint32 **ptr_page_table);
     ^
kern/command_prompt.c:424:13: error: initialization makes integer from pointer without a cast [-Werror=int-conversion]
  char set = strcmp
             ^
kern/command_prompt.c:426:2: error: expected ',' or ';' before 'if'
  if (strcmp("w", mode)) // Set
  ^
kern/command_prompt.c:428:2: error: 'else' without a previous 'if'
  else if (strcmp("r", mode)) // Reset
  ^
kern/command_prompt.c:428:23: error: passing argument 2 of 'strcmp' makes pointer from integer without a cast [-Werror=int-conversion]
  else if (strcmp("r", mode)) // Reset
                       ^
In file included from kern/command_prompt.c:14:0:
./inc/string.h:13:5: note: expected 'const char *' but argument is of type 'char'
 int strcmp(const char *s1, const char *s2);
     ^
cc1: all warnings being treated as errors
kern/Makefrag:50: recipe for target 'obj/kern/command_prompt.o' failed
make: *** [obj/kern/command_prompt.o] Error 1
01:04:40 **** Incremental Build of configuration Default for project FOS_Labs_Template ****
make -j16 all 
+ cc kern/command_prompt.c
kern/command_prompt.c: In function 'command_set_permission':
kern/command_prompt.c:422:60: error: passing argument 2 of 'get_page_table' makes pointer from integer without a cast [-Werror=int-conversion]
  uint32 *PT = (uint32 *)get_page_table(ptr_page_directory, virtualAddress, 1, &PT);
                                                            ^
In file included from kern/command_prompt.c:22:0:
./kern/memory_manager.h:62:5: note: expected 'const void *' but argument is of type 'uint32 {aka unsigned int}'
 int get_page_table(uint32 *ptr_page_directory, const void *virtual_address, int create, uint32 **ptr_page_table);
     ^
kern/command_prompt.c:424:13: error: initialization makes integer from pointer without a cast [-Werror=int-conversion]
  char set = strcmp
             ^
kern/command_prompt.c:426:2: error: expected ',' or ';' before 'if'
  if (strcmp("w", mode)) // Set
  ^
kern/command_prompt.c:428:2: error: 'else' without a previous 'if'
  else if (strcmp("r", mode)) // Reset
  ^
kern/command_prompt.c:428:23: error: passing argument 2 of 'strcmp' makes pointer from integer without a cast [-Werror=int-conversion]
  else if (strcmp("r", mode)) // Reset
                       ^
In file included from kern/command_prompt.c:14:0:
./inc/string.h:13:5: note: expected 'const char *' but argument is of type 'char'
 int strcmp(const char *s1, const char *s2);
     ^
cc1: all warnings being treated as errors
kern/Makefrag:50: recipe for target 'obj/kern/command_prompt.o' failed
make: *** [obj/kern/command_prompt.o] Error 1
01:06:16 **** Incremental Build of configuration Default for project FOS_Labs_Template ****
make -j16 all 
+ cc kern/command_prompt.c
kern/command_prompt.c: In function 'command_set_permission':
kern/command_prompt.c:422:15: error: initialization makes pointer from integer without a cast [-Werror=int-conversion]
  uint32 *PT = get_page_table(ptr_page_directory, (void *)virtualAddress, 1, &PT);
               ^
kern/command_prompt.c:424:13: error: initialization makes integer from pointer without a cast [-Werror=int-conversion]
  char set = strcmp
             ^
kern/command_prompt.c:426:2: error: expected ',' or ';' before 'if'
  if (strcmp("w", mode)) // Set
  ^
kern/command_prompt.c:428:2: error: 'else' without a previous 'if'
  else if (strcmp("r", mode)) // Reset
  ^
kern/command_prompt.c:428:23: error: passing argument 2 of 'strcmp' makes pointer from integer without a cast [-Werror=int-conversion]
  else if (strcmp("r", mode)) // Reset
                       ^
In file included from kern/command_prompt.c:14:0:
./inc/string.h:13:5: note: expected 'const char *' but argument is of type 'char'
 int strcmp(const char *s1, const char *s2);
     ^
cc1: all warnings being treated as errors
make: *** [obj/kern/command_prompt.o] Error 1
kern/Makefrag:50: recipe for target 'obj/kern/command_prompt.o' failed
01:06:20 **** Incremental Build of configuration Default for project FOS_Labs_Template ****
make -j16 all 
+ cc kern/command_prompt.c
kern/command_prompt.c: In function 'command_set_permission':
kern/command_prompt.c:424:13: error: initialization makes integer from pointer without a cast [-Werror=int-conversion]
  char set = strcmp
             ^
kern/command_prompt.c:426:2: error: expected ',' or ';' before 'if'
  if (strcmp("w", mode)) // Set
  ^
kern/command_prompt.c:428:2: error: 'else' without a previous 'if'
  else if (strcmp("r", mode)) // Reset
  ^
kern/command_prompt.c:428:23: error: passing argument 2 of 'strcmp' makes pointer from integer without a cast [-Werror=int-conversion]
  else if (strcmp("r", mode)) // Reset
                       ^
In file included from kern/command_prompt.c:14:0:
./inc/string.h:13:5: note: expected 'const char *' but argument is of type 'char'
 int strcmp(const char *s1, const char *s2);
     ^
cc1: all warnings being treated as errors
make: *** [obj/kern/command_prompt.o] Error 1
kern/Makefrag:50: recipe for target 'obj/kern/command_prompt.o' failed
01:06:28 **** Incremental Build of configuration Default for project FOS_Labs_Template ****
make -j16 all 
+ cc kern/command_prompt.c
kern/command_prompt.c: In function 'command_set_permission':
kern/command_prompt.c:425:18: error: passing argument 2 of 'strcmp' makes pointer from integer without a cast [-Werror=int-conversion]
  if (strcmp("w", mode)) // Set
                  ^
In file included from kern/command_prompt.c:14:0:
./inc/string.h:13:5: note: expected 'const char *' but argument is of type 'char'
 int strcmp(const char *s1, const char *s2);
     ^
kern/command_prompt.c:427:23: error: passing argument 2 of 'strcmp' makes pointer from integer without a cast [-Werror=int-conversion]
  else if (strcmp("r", mode)) // Reset
                       ^
In file included from kern/command_prompt.c:14:0:
./inc/string.h:13:5: note: expected 'const char *' but argument is of type 'char'
 int strcmp(const char *s1, const char *s2);
     ^
cc1: all warnings being treated as errors
kern/Makefrag:50: recipe for target 'obj/kern/command_prompt.o' failed
make: *** [obj/kern/command_prompt.o] Error 1
01:08:46 **** Incremental Build of configuration Default for project FOS_Labs_Template ****
make -j16 all 
+ cc kern/command_prompt.c
+ ld obj/kern/kernel
+ mk obj/kern/bochs.img
01:10:20 **** Incremental Build of configuration Default for project FOS_Labs_Template ****
make -j16 all 
+ cc kern/command_prompt.c
kern/command_prompt.c: In function 'command_set_permission':
kern/command_prompt.c:419:14: error: initialization makes integer from pointer without a cast [-Werror=int-conversion]
  char mode = argv[2];
              ^
kern/command_prompt.c:425:18: error: passing argument 2 of 'strcmp' makes pointer from integer without a cast [-Werror=int-conversion]
  if (strcmp("w", mode)) // Set
                  ^
In file included from kern/command_prompt.c:14:0:
./inc/string.h:13:5: note: expected 'const char *' but argument is of type 'char'
 int strcmp(const char *s1, const char *s2);
     ^
kern/command_prompt.c:427:23: error: passing argument 2 of 'strcmp' makes pointer from integer without a cast [-Werror=int-conversion]
  else if (strcmp("r", mode)) // Reset
                       ^
In file included from kern/command_prompt.c:14:0:
./inc/string.h:13:5: note: expected 'const char *' but argument is of type 'char'
 int strcmp(const char *s1, const char *s2);
     ^
cc1: all warnings being treated as errors
kern/Makefrag:50: recipe for target 'obj/kern/command_prompt.o' failed
make: *** [obj/kern/command_prompt.o] Error 1
01:10:33 **** Incremental Build of configuration Default for project FOS_Labs_Template ****
make -j16 all 
+ cc kern/command_prompt.c
+ ld obj/kern/kernel
+ mk obj/kern/bochs.img
01:12:55 **** Incremental Build of configuration Default for project FOS_Labs_Template ****
make -j16 all 
+ cc kern/command_prompt.c
+ ld obj/kern/kernel
+ mk obj/kern/bochs.img
01:13:26 **** Incremental Build of configuration Default for project FOS_Labs_Template ****
make -j16 all 
+ cc kern/command_prompt.c
+ ld obj/kern/kernel
+ mk obj/kern/bochs.img
01:15:08 **** Incremental Build of configuration Default for project FOS_Labs_Template ****
make -j16 all 
+ cc kern/command_prompt.c
+ ld obj/kern/kernel
+ mk obj/kern/bochs.img
01:15:37 **** Incremental Build of configuration Default for project FOS_Labs_Template ****
make -j16 all 
+ cc kern/command_prompt.c
+ ld obj/kern/kernel
+ mk obj/kern/bochs.img
01:16:12 **** Incremental Build of configuration Default for project FOS_Labs_Template ****
make -j16 all 
+ cc kern/command_prompt.c
+ ld obj/kern/kernel
+ mk obj/kern/bochs.img
01:16:33 **** Incremental Build of configuration Default for project FOS_Labs_Template ****
make -j16 all 
+ cc kern/command_prompt.c
+ ld obj/kern/kernel
+ mk obj/kern/bochs.img
01:17:09 **** Incremental Build of configuration Default for project FOS_Labs_Template ****
make -j16 all 
+ cc kern/command_prompt.c
+ ld obj/kern/kernel
+ mk obj/kern/bochs.img
01:17:34 **** Incremental Build of configuration Default for project FOS_Labs_Template ****
make -j16 all 
+ cc kern/command_prompt.c
+ ld obj/kern/kernel
+ mk obj/kern/bochs.img
01:18:03 **** Incremental Build of configuration Default for project FOS_Labs_Template ****
make -j16 all 
+ cc kern/command_prompt.c
+ ld obj/kern/kernel
+ mk obj/kern/bochs.img
01:20:52 **** Incremental Build of configuration Default for project FOS_Labs_Template ****
make -j16 all 
+ cc kern/command_prompt.c
+ ld obj/kern/kernel
+ mk obj/kern/bochs.img
01:21:15 **** Incremental Build of configuration Default for project FOS_Labs_Template ****
make -j16 all 
+ cc kern/command_prompt.c
+ ld obj/kern/kernel
+ mk obj/kern/bochs.img
01:21:40 **** Incremental Build of configuration Default for project FOS_Labs_Template ****
make -j16 all 
+ cc kern/command_prompt.c
+ ld obj/kern/kernel
+ mk obj/kern/bochs.img
mv: cannot move 'obj/kern/bochs.img~' to 'obj/kern/bochs.img': Permission denied
kern/Makefrag:73: recipe for target 'obj/kern/bochs.img' failed
make: *** [obj/kern/bochs.img] Error 1
01:21:51 **** Incremental Build of configuration Default for project FOS_Labs_Template ****
make -j16 all 
+ cc kern/command_prompt.c
+ ld obj/kern/kernel
+ mk obj/kern/bochs.img
01:25:02 **** Incremental Build of configuration Default for project FOS_Labs_Template ****
make -j16 all 
+ cc kern/command_prompt.c
+ ld obj/kern/kernel
+ mk obj/kern/bochs.img
01:25:46 **** Incremental Build of configuration Default for project FOS_Labs_Template ****
make -j16 all 
+ cc kern/command_prompt.c
+ ld obj/kern/kernel
+ mk obj/kern/bochs.img
mv: cannot move 'obj/kern/bochs.img~' to 'obj/kern/bochs.img': Permission denied
make: *** [obj/kern/bochs.img] Error 1
kern/Makefrag:73: recipe for target 'obj/kern/bochs.img' failed
01:25:53 **** Incremental Build of configuration Default for project FOS_Labs_Template ****
make -j16 all 
+ mk obj/kern/bochs.img
01:26:24 **** Incremental Build of configuration Default for project FOS_Labs_Template ****
make -j16 all 
+ cc kern/command_prompt.c
+ ld obj/kern/kernel
+ mk obj/kern/bochs.img
01:28:47 **** Incremental Build of configuration Default for project FOS_Labs_Template ****
make -j16 all 
+ cc kern/command_prompt.c
+ ld obj/kern/kernel
+ mk obj/kern/bochs.img
01:30:13 **** Incremental Build of configuration Default for project FOS_Labs_Template ****
make -j16 all 
make: Nothing to be done for 'all'.
01:33:40 **** Incremental Build of configuration Default for project FOS_Labs_Template ****
make -j16 all 
+ cc kern/command_prompt.c
kern/command_prompt.c: In function 'command_set_permission':
kern/command_prompt.c:437:1: error: control reaches end of non-void function [-Werror=return-type]
 }
 ^
cc1: all warnings being treated as errors
kern/Makefrag:50: recipe for target 'obj/kern/command_prompt.o' failed
make: *** [obj/kern/command_prompt.o] Error 1
01:33:48 **** Incremental Build of configuration Default for project FOS_Labs_Template ****
make -j16 all 
+ cc kern/command_prompt.c
kern/command_prompt.c: In function 'command_set_permission':
kern/command_prompt.c:437:1: error: control reaches end of non-void function [-Werror=return-type]
 }
 ^
cc1: all warnings being treated as errors
make: *** [obj/kern/command_prompt.o] Error 1
kern/Makefrag:50: recipe for target 'obj/kern/command_prompt.o' failed
01:34:00 **** Incremental Build of configuration Default for project FOS_Labs_Template ****
make -j16 all 
+ cc kern/command_prompt.c
+ ld obj/kern/kernel
+ mk obj/kern/bochs.img
01:35:12 **** Incremental Build of configuration Default for project FOS_Labs_Template ****
make -j16 all 
+ cc kern/command_prompt.c
+ ld obj/kern/kernel
+ mk obj/kern/bochs.img
01:39:55 **** Incremental Build of configuration Default for project FOS_Labs_Template ****
make -j16 all 
+ cc kern/command_prompt.c
+ ld obj/kern/kernel
+ mk obj/kern/bochs.img
17:08:38 **** Incremental Build of configuration Default for project FOS_Labs_Template ****
make -j16 all 
+ cc kern/command_prompt.c
+ ld obj/kern/kernel
+ mk obj/kern/bochs.img
17:11:55 **** Incremental Build of configuration Default for project FOS_Labs_Template ****
make -j16 all 
+ cc kern/command_prompt.c
+ ld obj/kern/kernel
+ mk obj/kern/bochs.img
17:35:25 **** Incremental Build of configuration Default for project FOS_Labs_Template ****
make -j16 all 
+ cc kern/command_prompt.c
kern/command_prompt.c: In function 'command_share_range':
kern/command_prompt.c:454:40: error: passing argument 2 of 'get_page_table' makes pointer from integer without a cast [-Werror=int-conversion]
  if(get_page_table(ptr_page_directory, va1, 1, &PT1)) {
                                        ^
In file included from kern/command_prompt.c:22:0:
./kern/memory_manager.h:62:5: note: expected 'const void *' but argument is of type 'uint32 {aka unsigned int}'
 int get_page_table(uint32 *ptr_page_directory, const void *virtual_address, int create, uint32 **ptr_page_table);
     ^
kern/command_prompt.c:458:16: error: initialization makes integer from pointer without a cast [-Werror=int-conversion]
  uint32 ptr1 = PT1 + PTX(va1);
                ^
kern/command_prompt.c:461:40: error: passing argument 2 of 'get_page_table' makes pointer from integer without a cast [-Werror=int-conversion]
  if(get_page_table(ptr_page_directory, va2, 1, &PT2)) {
                                        ^
In file included from kern/command_prompt.c:22:0:
./kern/memory_manager.h:62:5: note: expected 'const void *' but argument is of type 'uint32 {aka unsigned int}'
 int get_page_table(uint32 *ptr_page_directory, const void *virtual_address, int create, uint32 **ptr_page_table);
     ^
kern/command_prompt.c:465:16: error: initialization makes integer from pointer without a cast [-Werror=int-conversion]
  uint32 ptr2 = PT2 + PTX(va2);
                ^
kern/command_prompt.c:468:3: error: invalid type argument of unary '*' (have 'uint32 {aka unsigned int}')
   *ptr1 = *ptr2;
   ^
kern/command_prompt.c:468:11: error: invalid type argument of unary '*' (have 'uint32 {aka unsigned int}')
   *ptr1 = *ptr2;
           ^
cc1: all warnings being treated as errors
kern/Makefrag:50: recipe for target 'obj/kern/command_prompt.o' failed
make: *** [obj/kern/command_prompt.o] Error 1
17:35:57 **** Incremental Build of configuration Default for project FOS_Labs_Template ****
make -j16 all 
+ cc kern/command_prompt.c
kern/command_prompt.c: In function 'command_share_range':
kern/command_prompt.c:458:16: error: initialization makes integer from pointer without a cast [-Werror=int-conversion]
  uint32 ptr1 = PT1 + PTX(va1);
                ^
kern/command_prompt.c:465:16: error: initialization makes integer from pointer without a cast [-Werror=int-conversion]
  uint32 ptr2 = PT2 + PTX(va2);
                ^
kern/command_prompt.c:468:3: error: invalid type argument of unary '*' (have 'uint32 {aka unsigned int}')
   *ptr1 = *ptr2;
   ^
kern/command_prompt.c:468:11: error: invalid type argument of unary '*' (have 'uint32 {aka unsigned int}')
   *ptr1 = *ptr2;
           ^
cc1: all warnings being treated as errors
kern/Makefrag:50: recipe for target 'obj/kern/command_prompt.o' failed
make: *** [obj/kern/command_prompt.o] Error 1
17:36:15 **** Incremental Build of configuration Default for project FOS_Labs_Template ****
make -j16 all 
+ cc kern/command_prompt.c
+ ld obj/kern/kernel
+ mk obj/kern/bochs.img
17:42:34 **** Incremental Build of configuration Default for project FOS_Labs_Template ****
make -j16 all 
+ cc kern/command_prompt.c
+ ld obj/kern/kernel
+ mk obj/kern/bochs.img
17:45:10 **** Incremental Build of configuration Default for project FOS_Labs_Template ****
make -j16 all 
+ cc kern/command_prompt.c
+ ld obj/kern/kernel
+ mk obj/kern/bochs.img
17:52:17 **** Incremental Build of configuration Default for project FOS_Labs_Template ****
make -j16 all 
+ cc kern/command_prompt.c
+ ld obj/kern/kernel
+ mk obj/kern/bochs.img
17:55:25 **** Incremental Build of configuration Default for project FOS_Labs_Template ****
make -j16 all 
make: Nothing to be done for 'all'.
17:55:50 **** Incremental Build of configuration Default for project FOS_Labs_Template ****
make -j16 all 
make: Nothing to be done for 'all'.
20:10:01 **** Build of configuration Default for project FOS_Assignment_Template ****
make -j16 all 
+ as kern/entry.S
+ cc kern/init.c
+ cc kern/console.c
+ cc kern/command_prompt.c
+ cc kern/helpers.c
+ cc kern/tests.c
+ cc kern/memory_manager.c
+ cc kern/user_environment.c
+ cc kern/kclock.c
+ cc kern/printf.c
+ cc kern/trap.c
+ as kern/trapentry.S
+ cc kern/syscall.c
+ cc kern/kdebug.c
+ cc lib/printfmt.c
+ cc lib/readline.c
+ cc lib/string.c
+ cc[USER] lib/console.c
+ cc[USER] lib/libmain.c
+ cc[USER] lib/exit.c
+ cc[USER] lib/panic.c
+ cc[USER] lib/printf.c
+ cc[USER] lib/printfmt.c
+ cc[USER] lib/readline.c
+ cc[USER] lib/string.c
+ cc[USER] lib/malloc.c
+ cc[USER] lib/syscall.c
+ cc[USER] user/fos_alloc.c
+ as [USER] lib/entry.S
+ cc[USER] user/fos_input.c
+ cc[USER] user/game.c
+ cc[USER] user/fos_helloWorld.c
+ cc[USER] user/fos_add.c
+ as boot/boot.S
+ cc -Os boot/main.c
+ ar obj/lib/libfos.a
+ ld -m elf_i386 boot/boot
i386-elf-ar: creating obj/lib/libfos.a
+ ld -m elf_i386 obj/user/fos_alloc
+ ld -m elf_i386 obj/user/fos_input
+ ld -m elf_i386 obj/user/game
+ ld -m elf_i386 obj/user/fos_helloWorld
+ ld -m elf_i386 obj/user/fos_add
boot block is 402 bytes (max 510)
+ ld obj/kern/kernel
+ mk obj/kern/bochs.img
20:13:15 **** Incremental Build of configuration Default for project FOS_Assignment_Template ****
make -j16 all 
+ cc kern/command_prompt.c
kern/command_prompt.c: In function 'TransferUserPage':
kern/command_prompt.c:556:9: error: 'return' with a value, in function returning void [-Werror]
  return (0);
         ^
cc1: all warnings being treated as errors
kern/Makefrag:51: recipe for target 'obj/kern/command_prompt.o' failed
make: *** [obj/kern/command_prompt.o] Error 1
20:13:33 **** Incremental Build of configuration Default for project FOS_Assignment_Template ****
make -j16 all 
+ cc kern/command_prompt.c
+ ld obj/kern/kernel
+ mk obj/kern/bochs.img
20:21:40 **** Incremental Build of configuration Default for project FOS_Assignment_Template ****
make -j16 all 
+ cc kern/command_prompt.c
+ ld obj/kern/kernel
+ mk obj/kern/bochs.img
20:21:49 **** Incremental Build of configuration Default for project FOS_Assignment_Template ****
make -j16 all 
make: Nothing to be done for 'all'.
20:26:58 **** Incremental Build of configuration Default for project FOS_Assignment_Template ****
make -j16 all 
+ cc kern/command_prompt.c
+ ld obj/kern/kernel
+ mk obj/kern/bochs.img
20:36:00 **** Incremental Build of configuration Default for project FOS_Assignment_Template ****
make -j16 all 
+ cc kern/command_prompt.c
kern/command_prompt.c: In function 'TransferUserPage':
kern/command_prompt.c:532:2: error: implicit declaration of function 'cprint' [-Werror=implicit-function-declaration]
  cprint("abo\n")
  ^
kern/command_prompt.c:533:1: error: expected ';' before '}' token
 }
 ^
cc1: all warnings being treated as errors
kern/Makefrag:51: recipe for target 'obj/kern/command_prompt.o' failed
make: *** [obj/kern/command_prompt.o] Error 1
20:36:30 **** Incremental Build of configuration Default for project FOS_Assignment_Template ****
make -j16 all 
+ cc kern/command_prompt.c
kern/command_prompt.c: In function 'TransferUserPage':
kern/command_prompt.c:533:1: error: expected ';' before '}' token
 }
 ^
kern/Makefrag:51: recipe for target 'obj/kern/command_prompt.o' failed
make: *** [obj/kern/command_prompt.o] Error 1
20:36:45 **** Incremental Build of configuration Default for project FOS_Assignment_Template ****
make -j16 all 
+ cc kern/command_prompt.c
+ ld obj/kern/kernel
+ mk obj/kern/bochs.img
20:41:41 **** Incremental Build of configuration Default for project FOS_Assignment_Template ****
make -j16 all 
make: Nothing to be done for 'all'.
20:44:10 **** Incremental Build of configuration Default for project FOS_Assignment_Template ****
make -j16 all 
make: Nothing to be done for 'all'.
20:45:04 **** Build of configuration Default for project FOS_Labs_Template ****
make -j16 all 
make: Nothing to be done for 'all'.
20:45:13 **** Incremental Build of configuration Default for project FOS_Assignment_Template ****
make -j16 all 
make: Nothing to be done for 'all'.
20:53:17 **** Incremental Build of configuration Default for project FOS_Assignment_Template ****
make -j16 all 
make: Nothing to be done for 'all'.
20:56:44 **** Incremental Build of configuration Default for project FOS_Assignment_Template ****
make -j16 all 
+ cc kern/command_prompt.c
+ ld obj/kern/kernel
+ mk obj/kern/bochs.img
20:57:31 **** Incremental Build of configuration Default for project FOS_Assignment_Template ****
make -j16 all 
+ cc kern/command_prompt.c
+ ld obj/kern/kernel
+ mk obj/kern/bochs.img
mv: cannot move 'obj/kern/bochs.img~' to 'obj/kern/bochs.img': Permission denied
kern/Makefrag:74: recipe for target 'obj/kern/bochs.img' failed
make: *** [obj/kern/bochs.img] Error 1
20:57:42 **** Incremental Build of configuration Default for project FOS_Assignment_Template ****
make -j16 all 
+ mk obj/kern/bochs.img
mv: cannot move 'obj/kern/bochs.img~' to 'obj/kern/bochs.img': Permission denied
make: *** [obj/kern/bochs.img] Error 1
kern/Makefrag:74: recipe for target 'obj/kern/bochs.img' failed
21:00:10 **** Incremental Build of configuration Default for project FOS_Assignment_Template ****
make -j16 all 
+ cc kern/command_prompt.c
+ ld obj/kern/kernel
+ mk obj/kern/bochs.img
21:00:21 **** Incremental Build of configuration Default for project FOS_Assignment_Template ****
make -j16 all 
+ cc kern/command_prompt.c
+ ld obj/kern/kernel
+ mk obj/kern/bochs.img
21:00:32 **** Incremental Build of configuration Default for project FOS_Assignment_Template ****
make -j16 all 
+ cc kern/command_prompt.c
+ ld obj/kern/kernel
+ mk obj/kern/bochs.img
21:00:43 **** Incremental Build of configuration Default for project FOS_Assignment_Template ****
make -j16 all 
+ cc kern/command_prompt.c
+ ld obj/kern/kernel
+ mk obj/kern/bochs.img
21:00:53 **** Incremental Build of configuration Default for project FOS_Assignment_Template ****
make -j16 all 
+ cc kern/command_prompt.c
+ ld obj/kern/kernel
+ mk obj/kern/bochs.img
21:01:56 **** Incremental Build of configuration Default for project FOS_Assignment_Template ****
make -j16 all 
+ cc kern/command_prompt.c
kern/command_prompt.c: In function 'CalcArrVar':
kern/command_prompt.c:435:1: error: expected ';' before '}' token
 }
 ^
make: *** [obj/kern/command_prompt.o] Error 1
kern/Makefrag:51: recipe for target 'obj/kern/command_prompt.o' failed
21:02:05 **** Incremental Build of configuration Default for project FOS_Assignment_Template ****
make -j16 all 
+ cc kern/command_prompt.c
+ ld obj/kern/kernel
+ mk obj/kern/bochs.img
21:02:17 **** Incremental Build of configuration Default for project FOS_Assignment_Template ****
make -j16 all 
+ cc kern/command_prompt.c
+ ld obj/kern/kernel
+ mk obj/kern/bochs.img
21:06:28 **** Incremental Build of configuration Default for project FOS_Assignment_Template ****
make -j16 all 
+ cc kern/command_prompt.c
kern/command_prompt.c: In function 'CalcArrVar':
kern/command_prompt.c:457:2: error: stray '\240' in program
  return (sum/(arr->size));
  ^
kern/command_prompt.c:457:2: error: stray '\240' in program
make: *** [obj/kern/command_prompt.o] Error 1
kern/Makefrag:51: recipe for target 'obj/kern/command_prompt.o' failed
21:14:22 **** Incremental Build of configuration Default for project FOS_Assignment_Template ****
make -j16 all 
+ cc kern/command_prompt.c
kern/command_prompt.c: In function 'CalcArrVar':
kern/command_prompt.c:458:2: error: suggest parentheses around assignment used as truth value [-Werror=parentheses]
  for (int i = 0; sum = 0; i < arr->size; i++)
  ^
kern/command_prompt.c:458:40: error: expected ')' before ';' token
  for (int i = 0; sum = 0; i < arr->size; i++)
                                        ^
kern/command_prompt.c:459:68: error: invalid type argument of unary '*' (have 'int')
   sum += (arr->startAddress[i] - mean) * (arr->startAddress[i] * - * mean);
                                                                    ^
cc1: all warnings being treated as errors
kern/Makefrag:51: recipe for target 'obj/kern/command_prompt.o' failed
make: *** [obj/kern/command_prompt.o] Error 1
21:14:35 **** Incremental Build of configuration Default for project FOS_Assignment_Template ****
make -j16 all 
+ cc kern/command_prompt.c
kern/command_prompt.c: In function 'CalcArrVar':
kern/command_prompt.c:459:68: error: invalid type argument of unary '*' (have 'int')
   sum += (arr->startAddress[i] - mean) * (arr->startAddress[i] * - * mean);
                                                                    ^
make: *** [obj/kern/command_prompt.o] Error 1
kern/Makefrag:51: recipe for target 'obj/kern/command_prompt.o' failed
21:14:38 **** Incremental Build of configuration Default for project FOS_Assignment_Template ****
make -j16 all 
+ cc kern/command_prompt.c
kern/command_prompt.c: In function 'CalcArrVar':
kern/command_prompt.c:459:68: error: invalid type argument of unary '*' (have 'int')
   sum += (arr->startAddress[i] - mean) * (arr->startAddress[i] * - * mean);
                                                                    ^
kern/Makefrag:51: recipe for target 'obj/kern/command_prompt.o' failed
make: *** [obj/kern/command_prompt.o] Error 1
21:15:26 **** Incremental Build of configuration Default for project FOS_Assignment_Template ****
make -j16 all 
+ cc kern/command_prompt.c
+ ld obj/kern/kernel
+ mk obj/kern/bochs.img
21:15:51 **** Incremental Build of configuration Default for project FOS_Assignment_Template ****
make -j16 all 
+ cc kern/command_prompt.c
+ ld obj/kern/kernel
+ mk obj/kern/bochs.img
21:16:00 **** Incremental Build of configuration Default for project FOS_Assignment_Template ****
make -j16 all 
+ cc kern/command_prompt.c
+ ld obj/kern/kernel
+ mk obj/kern/bochs.img
21:16:52 **** Incremental Build of configuration Default for project FOS_Assignment_Template ****
make -j16 all 
+ cc kern/command_prompt.c
+ ld obj/kern/kernel
+ mk obj/kern/bochs.img
21:16:58 **** Incremental Build of configuration Default for project FOS_Assignment_Template ****
make -j16 all 
+ cc kern/command_prompt.c
+ ld obj/kern/kernel
+ mk obj/kern/bochs.img
21:17:16 **** Incremental Build of configuration Default for project FOS_Assignment_Template ****
make -j16 all 
+ cc kern/command_prompt.c
+ ld obj/kern/kernel
+ mk obj/kern/bochs.img
21:17:26 **** Incremental Build of configuration Default for project FOS_Assignment_Template ****
make -j16 all 
+ cc kern/command_prompt.c
+ ld obj/kern/kernel
+ mk obj/kern/bochs.img
21:17:38 **** Incremental Build of configuration Default for project FOS_Assignment_Template ****
make -j16 all 
+ cc kern/command_prompt.c
+ ld obj/kern/kernel
+ mk obj/kern/bochs.img
21:18:20 **** Incremental Build of configuration Default for project FOS_Assignment_Template ****
make -j16 all 
+ cc kern/command_prompt.c
+ ld obj/kern/kernel
+ mk obj/kern/bochs.img
21:18:36 **** Incremental Build of configuration Default for project FOS_Assignment_Template ****
make -j16 all 
+ cc kern/command_prompt.c
+ ld obj/kern/kernel
+ mk obj/kern/bochs.img
21:22:15 **** Incremental Build of configuration Default for project FOS_Assignment_Template ****
make -j16 all 
+ cc kern/command_prompt.c
kern/command_prompt.c: In function 'CalcArrVar':
kern/command_prompt.c:455:3: error: expected ';' before 'sum'
   sum += arr->startAddress[i];
   ^
kern/Makefrag:51: recipe for target 'obj/kern/command_prompt.o' failed
make: *** [obj/kern/command_prompt.o] Error 1
21:22:23 **** Incremental Build of configuration Default for project FOS_Assignment_Template ****
make -j16 all 
+ cc kern/command_prompt.c
+ ld obj/kern/kernel
+ mk obj/kern/bochs.img
21:23:17 **** Incremental Build of configuration Default for project FOS_Assignment_Template ****
make -j16 all 
+ cc kern/command_prompt.c
+ ld obj/kern/kernel
+ mk obj/kern/bochs.img
21:27:30 **** Incremental Build of configuration Default for project FOS_Assignment_Template ****
make -j16 all 
+ cc kern/command_prompt.c
+ ld obj/kern/kernel
+ mk obj/kern/bochs.img
21:29:23 **** Incremental Build of configuration Default for project FOS_Assignment_Template ****
make -j16 all 
+ cc kern/command_prompt.c
+ ld obj/kern/kernel
+ mk obj/kern/bochs.img
21:32:50 **** Incremental Build of configuration Default for project FOS_Assignment_Template ****
make -j16 all 
+ cc kern/command_prompt.c
+ ld obj/kern/kernel
+ mk obj/kern/bochs.img
21:40:18 **** Incremental Build of configuration Default for project FOS_Assignment_Template ****
make -j16 all 
+ cc kern/command_prompt.c
+ ld obj/kern/kernel
+ mk obj/kern/bochs.img
21:52:51 **** Incremental Build of configuration Default for project FOS_Assignment_Template ****
make -j16 all 
+ cc kern/command_prompt.c
kern/command_prompt.c: In function 'CalcArrVar':
kern/command_prompt.c:454:20: error: invalid operands to binary < (have 'int' and 'struct ArrayInfo')
  for (int i = 0; i < allArrays[arrIndex]; i++) {
                    ^
kern/Makefrag:51: recipe for target 'obj/kern/command_prompt.o' failed
make: *** [obj/kern/command_prompt.o] Error 1
21:53:19 **** Incremental Build of configuration Default for project FOS_Assignment_Template ****
make -j16 all 
+ cc kern/command_prompt.c
+ ld obj/kern/kernel
+ mk obj/kern/bochs.img
21:55:23 **** Incremental Build of configuration Default for project FOS_Assignment_Template ****
make -j16 all 
+ cc kern/command_prompt.c
+ ld obj/kern/kernel
+ mk obj/kern/bochs.img
22:10:35 **** Incremental Build of configuration Default for project FOS_Assignment_Template ****
make -j16 all 
+ cc kern/command_prompt.c
+ ld obj/kern/kernel
+ mk obj/kern/bochs.img
22:11:55 **** Incremental Build of configuration Default for project FOS_Assignment_Template ****
make -j16 all 
+ cc kern/command_prompt.c
+ ld obj/kern/kernel
+ mk obj/kern/bochs.img
22:14:02 **** Incremental Build of configuration Default for project FOS_Assignment_Template ****
make -j16 all 
+ cc kern/command_prompt.c
+ ld obj/kern/kernel
+ mk obj/kern/bochs.img
22:18:28 **** Incremental Build of configuration Default for project FOS_Assignment_Template ****
make -j16 all 
+ cc kern/command_prompt.c
+ ld obj/kern/kernel
+ mk obj/kern/bochs.img
22:19:12 **** Incremental Build of configuration Default for project FOS_Assignment_Template ****
make -j16 all 
+ cc kern/command_prompt.c
+ ld obj/kern/kernel
+ mk obj/kern/bochs.img
22:23:30 **** Incremental Build of configuration Default for project FOS_Assignment_Template ****
make -j16 all 
+ cc kern/command_prompt.c
+ ld obj/kern/kernel
+ mk obj/kern/bochs.img
22:24:17 **** Incremental Build of configuration Default for project FOS_Assignment_Template ****
make -j16 all 
+ cc kern/command_prompt.c
+ ld obj/kern/kernel
+ mk obj/kern/bochs.img
22:24:51 **** Incremental Build of configuration Default for project FOS_Assignment_Template ****
make -j16 all 
+ cc kern/command_prompt.c
kern/command_prompt.c: In function 'CalcArrVar':
kern/command_prompt.c:454:2: error: implicit declaration of function 'print' [-Werror=implicit-function-declaration]
  print("ahmed sum: %d\n", sum);
  ^
cc1: all warnings being treated as errors
make: *** [obj/kern/command_prompt.o] Error 1
kern/Makefrag:51: recipe for target 'obj/kern/command_prompt.o' failed
22:24:59 **** Incremental Build of configuration Default for project FOS_Assignment_Template ****
make -j16 all 
+ cc kern/command_prompt.c
+ ld obj/kern/kernel
+ mk obj/kern/bochs.img
22:25:39 **** Incremental Build of configuration Default for project FOS_Assignment_Template ****
make -j16 all 
+ cc kern/command_prompt.c
+ ld obj/kern/kernel
+ mk obj/kern/bochs.img
22:28:24 **** Incremental Build of configuration Default for project FOS_Assignment_Template ****
make -j16 all 
+ cc kern/command_prompt.c
+ ld obj/kern/kernel
+ mk obj/kern/bochs.img
22:28:55 **** Incremental Build of configuration Default for project FOS_Assignment_Template ****
make -j16 all 
make: Nothing to be done for 'all'.
22:50:36 **** Incremental Build of configuration Default for project FOS_Assignment_Template ****
make -j16 all 
+ cc kern/command_prompt.c
+ ld obj/kern/kernel
+ mk obj/kern/bochs.img
23:05:54 **** Incremental Build of configuration Default for project FOS_Assignment_Template ****
make -j16 all 
+ cc kern/command_prompt.c
kern/command_prompt.c: In function 'CountModifiedPagesInRange':
kern/command_prompt.c:568:18: error: suggest parentheses around comparison in operand of '&' [-Werror=parentheses]
   if (PT[PTX(i)] & PERM_MODIFIED > 0) // modified
                  ^
cc1: all warnings being treated as errors
kern/Makefrag:51: recipe for target 'obj/kern/command_prompt.o' failed
make: *** [obj/kern/command_prompt.o] Error 1
23:06:09 **** Incremental Build of configuration Default for project FOS_Assignment_Template ****
make -j16 all 
+ cc kern/command_prompt.c
+ ld obj/kern/kernel
+ mk obj/kern/bochs.img
23:09:08 **** Incremental Build of configuration Default for project FOS_Assignment_Template ****
make -j16 all 
+ cc kern/command_prompt.c
kern/command_prompt.c: In function 'CountModifiedPagesInRange':
kern/command_prompt.c:566:35: error: macro "ROUNDDOWN" requires 2 arguments, but only 1 given
  for (uint32 i = ROUNDDOWN(startVA); i <= ROUNDUP(endVA); i += PAGE_SIZE) {
                                   ^
kern/command_prompt.c:566:18: error: 'ROUNDDOWN' undeclared (first use in this function)
  for (uint32 i = ROUNDDOWN(startVA); i <= ROUNDUP(endVA); i += PAGE_SIZE) {
                  ^
kern/command_prompt.c:566:18: note: each undeclared identifier is reported only once for each function it appears in
kern/command_prompt.c:566:56: error: macro "ROUNDUP" requires 2 arguments, but only 1 given
  for (uint32 i = ROUNDDOWN(startVA); i <= ROUNDUP(endVA); i += PAGE_SIZE) {
                                                        ^
kern/command_prompt.c:566:43: error: 'ROUNDUP' undeclared (first use in this function)
  for (uint32 i = ROUNDDOWN(startVA); i <= ROUNDUP(endVA); i += PAGE_SIZE) {
                                           ^
make: *** [obj/kern/command_prompt.o] Error 1
kern/Makefrag:51: recipe for target 'obj/kern/command_prompt.o' failed
23:17:36 **** Incremental Build of configuration Default for project FOS_Assignment_Template ****
make -j16 all 
+ cc kern/command_prompt.c
+ ld obj/kern/kernel
+ mk obj/kern/bochs.img
23:27:05 **** Incremental Build of configuration Default for project FOS_Assignment_Template ****
make -j16 all 
+ cc kern/command_prompt.c
+ ld obj/kern/kernel
+ mk obj/kern/bochs.img
23:27:18 **** Incremental Build of configuration Default for project FOS_Assignment_Template ****
make -j16 all 
+ cc kern/command_prompt.c
+ ld obj/kern/kernel
+ mk obj/kern/bochs.img
23:29:08 **** Incremental Build of configuration Default for project FOS_Assignment_Template ****
make -j16 all 
+ cc kern/command_prompt.c
+ ld obj/kern/kernel
+ mk obj/kern/bochs.img
23:32:56 **** Incremental Build of configuration Default for project FOS_Assignment_Template ****
make -j16 all 
+ cc kern/command_prompt.c
+ ld obj/kern/kernel
+ mk obj/kern/bochs.img
23:36:55 **** Incremental Build of configuration Default for project FOS_Assignment_Template ****
make -j16 all 
+ cc kern/command_prompt.c
kern/command_prompt.c: In function 'CountModifiedPagesInRange':
kern/command_prompt.c:573:35: error: macro "ROUNDDOWN" requires 2 arguments, but only 1 given
  for (uint32 i = ROUNDDOWN(startVA); i <= ROUNDUP(endVA); i += PAGE_SIZE) {
                                   ^
kern/command_prompt.c:573:18: error: 'ROUNDDOWN' undeclared (first use in this function)
  for (uint32 i = ROUNDDOWN(startVA); i <= ROUNDUP(endVA); i += PAGE_SIZE) {
                  ^
kern/command_prompt.c:573:18: note: each undeclared identifier is reported only once for each function it appears in
kern/command_prompt.c:573:56: error: macro "ROUNDUP" requires 2 arguments, but only 1 given
  for (uint32 i = ROUNDDOWN(startVA); i <= ROUNDUP(endVA); i += PAGE_SIZE) {
                                                        ^
kern/command_prompt.c:573:43: error: 'ROUNDUP' undeclared (first use in this function)
  for (uint32 i = ROUNDDOWN(startVA); i <= ROUNDUP(endVA); i += PAGE_SIZE) {
                                           ^
kern/Makefrag:51: recipe for target 'obj/kern/command_prompt.o' failed
make: *** [obj/kern/command_prompt.o] Error 1
23:38:06 **** Incremental Build of configuration Default for project FOS_Assignment_Template ****
make -j16 all 
+ cc kern/command_prompt.c
kern/command_prompt.c: In function 'CountModifiedPagesInRange':
kern/command_prompt.c:573:35: error: macro "ROUNDDOWN" requires 2 arguments, but only 1 given
  for (uint32 i = ROUNDDOWN(startVA); i <= ROUNDUP(endVA); i += PAGE_SIZE) {
                                   ^
kern/command_prompt.c:573:18: error: 'ROUNDDOWN' undeclared (first use in this function)
  for (uint32 i = ROUNDDOWN(startVA); i <= ROUNDUP(endVA); i += PAGE_SIZE) {
                  ^
kern/command_prompt.c:573:18: note: each undeclared identifier is reported only once for each function it appears in
kern/command_prompt.c:573:56: error: macro "ROUNDUP" requires 2 arguments, but only 1 given
  for (uint32 i = ROUNDDOWN(startVA); i <= ROUNDUP(endVA); i += PAGE_SIZE) {
                                                        ^
kern/command_prompt.c:573:43: error: 'ROUNDUP' undeclared (first use in this function)
  for (uint32 i = ROUNDDOWN(startVA); i <= ROUNDUP(endVA); i += PAGE_SIZE) {
                                           ^
kern/Makefrag:51: recipe for target 'obj/kern/command_prompt.o' failed
make: *** [obj/kern/command_prompt.o] Error 1
23:40:09 **** Incremental Build of configuration Default for project FOS_Assignment_Template ****
make -j16 all 
+ cc kern/command_prompt.c
+ ld obj/kern/kernel
+ mk obj/kern/bochs.img
01:58:43 **** Build of configuration Default for project FOS_Assignment_Template ****
make -j16 all 
make: Nothing to be done for 'all'.
02:00:32 **** Incremental Build of configuration Default for project FOS_Assignment_Template ****
make -j16 all 
make: Nothing to be done for 'all'.
06:10:53 **** Build of configuration Default for project FOS_Labs_Template ****
make -j16 all 
make: Nothing to be done for 'all'.
06:13:00 **** Incremental Build of configuration Default for project FOS_Labs_Template ****
make -j16 all 
make: Nothing to be done for 'all'.
06:13:09 **** Incremental Build of configuration Default for project FOS_Labs_Template ****
make -j16 all 
make: Nothing to be done for 'all'.
06:13:22 **** Incremental Build of configuration Default for project FOS_Assignment_Template ****
make -j16 all 
make: Nothing to be done for 'all'.
06:14:13 **** Incremental Build of configuration Default for project FOS_Assignment_Template ****
make -j16 all 
+ cc kern/command_prompt.c
+ ld obj/kern/kernel
+ mk obj/kern/bochs.img
06:15:41 **** Build of configuration Default for project FOS_PROJECT_2024_template ****
make -j16 all 
+ as kern/entry.S
+ cc kern/init.c
+ cc kern/console.c
+ cc kern/command_prompt.c
+ cc kern/helpers.c
+ cc kern/memory_manager.c
+ cc kern/user_environment.c
+ cc kern/kclock.c
+ cc kern/picirq.c
+ cc kern/printf.c
+ cc kern/trap.c
+ as kern/trapentry.S
+ cc kern/sched.c
+ cc kern/syscall.c
+ cc kern/kdebug.c
+ cc kern/file_manager.c
+ cc kern/kheap.c
+ cc kern/test_kheap.c
+ cc kern/utilities.c
+ cc kern/priority_manager.c
+ cc kern/test_priority.c
+ cc lib/printfmt.c
+ cc lib/readline.c
+ cc lib/string.c
+ cc lib/disk.c
+ cc[USER] lib/console.c
+ cc[USER] lib/libmain.c
+ cc[USER] lib/exit.c
+ cc[USER] lib/panic.c
+ cc[USER] lib/printf.c
+ cc[USER] lib/printfmt.c
+ cc[USER] lib/readline.c
+ cc[USER] lib/string.c
+ cc[USER] lib/uheap.c
+ cc[USER] lib/syscall.c
+ cc[USER] lib/concurrency.c
+ cc[USER] user/fos_alloc.c
+ as[USER] lib/entry.S
+ cc[USER] user/tst_freeRAM.c
+ cc[USER] user/fos_input.c
+ cc[USER] user/dummy_process.c
+ cc[USER] user/tst_CPU_MLFQ_slave_1_1.c
+ cc[USER] user/tst_envfree2.c
+ cc[USER] user/fos_data_on_stack.c
+ cc[USER] user/quicksort_heap.c
+ cc[USER] user/ef_fos_factorial.c
+ cc[USER] user/tst_page_replacement_stack.c
+ cc[USER] user/tst_page_replacement_alloc.c
+ cc[USER] user/tst_quicksort_freeHeap.c
+ cc[USER] user/ef_fos_fibonacci.c
+ cc[USER] user/ef_mergesort_noleakage.c
+ cc[USER] user/fos_add.c
+ cc[USER] user/fos_static_data_section.c
+ cc[USER] user/tst_page_replacement_nthclock.c
+ cc[USER] user/fos_factorial.c
+ cc[USER] user/game.c
+ cc[USER] user/tst_envfree1.c
+ cc[USER] user/fos_helloWorld.c
+ cc[USER] user/mergesort_noleakage.c
+ cc[USER] user/ef_fos_add.c
+ cc[USER] user/tst_invalid_access.c
+ cc[USER] user/tst_placement.c
+ cc[USER] user/fos_fibonacci.c
+ cc[USER] user/mergesort_leakage.c
+ cc[USER] user/tst_CPU_MLFQ_master_1.c
+ cc[USER] user/ef_mergesort_leakage.c
+ cc[USER] user/quicksort_noleakage.c
+ cc[USER] user/tst_freeing_stack.c
+ cc[USER] user/tst_CPU_MLFQ_slave_1_2.c
+ as boot/boot.S
+ cc -Os boot/main.c
+ ar obj/lib/libfos.a
+ ld -m elf_i386 boot/boot
i386-elf-ar: creating obj/lib/libfos.a
+ ld -m elf_i386 obj/user/fos_alloc
+ ld -m elf_i386 obj/user/tst_freeRAM
+ ld -m elf_i386 obj/user/fos_input
+ ld -m elf_i386 obj/user/dummy_process
+ ld -m elf_i386 obj/user/tst_CPU_MLFQ_slave_1_1
+ ld -m elf_i386 obj/user/tst_envfree2
+ ld -m elf_i386 obj/user/fos_data_on_stack
+ ld -m elf_i386 obj/user/quicksort_heap
+ ld -m elf_i386 obj/user/ef_fos_factorial
boot block is 402 bytes (max 510)
+ ld -m elf_i386 obj/user/tst_page_replacement_stack
+ ld -m elf_i386 obj/user/tst_page_replacement_alloc
+ ld -m elf_i386 obj/user/tst_quicksort_freeHeap
+ ld -m elf_i386 obj/user/ef_fos_fibonacci
+ ld -m elf_i386 obj/user/fos_add
+ ld -m elf_i386 obj/user/ef_mergesort_noleakage
+ ld -m elf_i386 obj/user/fos_static_data_section
+ ld -m elf_i386 obj/user/tst_page_replacement_nthclock
+ ld -m elf_i386 obj/user/fos_factorial
+ ld -m elf_i386 obj/user/game
+ ld -m elf_i386 obj/user/tst_envfree1
+ ld -m elf_i386 obj/user/fos_helloWorld
+ ld -m elf_i386 obj/user/mergesort_noleakage
+ ld -m elf_i386 obj/user/ef_fos_add
+ ld -m elf_i386 obj/user/tst_invalid_access
+ ld -m elf_i386 obj/user/tst_placement
+ ld -m elf_i386 obj/user/fos_fibonacci
+ ld -m elf_i386 obj/user/mergesort_leakage
+ ld -m elf_i386 obj/user/tst_CPU_MLFQ_master_1
+ ld -m elf_i386 obj/user/ef_mergesort_leakage
+ ld -m elf_i386 obj/user/quicksort_noleakage
+ ld -m elf_i386 obj/user/tst_freeing_stack
+ ld -m elf_i386 obj/user/tst_CPU_MLFQ_slave_1_2
+ ld -m elf_i386 obj/kern/kernel
+ mk obj/kern/bochs.img
06:50:18 **** Incremental Build of configuration Default for project FOS_Assignment_Template ****
make -j16 all 
+ cc kern/command_prompt.c
+ ld obj/kern/kernel
+ mk obj/kern/bochs.img
07:04:23 **** Incremental Build of configuration Default for project FOS_Assignment_Template ****
make -j16 all 
+ cc kern/command_prompt.c
+ ld obj/kern/kernel
+ mk obj/kern/bochs.img
07:05:30 **** Incremental Build of configuration Default for project FOS_Assignment_Template ****
make -j16 all 
+ cc kern/command_prompt.c
+ ld obj/kern/kernel
+ mk obj/kern/bochs.img
07:12:10 **** Incremental Build of configuration Default for project FOS_Assignment_Template ****
make -j16 all 
+ cc kern/command_prompt.c
+ ld obj/kern/kernel
+ mk obj/kern/bochs.img
07:21:52 **** Incremental Build of configuration Default for project FOS_Assignment_Template ****
make -j16 all 
+ cc kern/command_prompt.c
+ ld obj/kern/kernel
+ mk obj/kern/bochs.img
09:58:19 **** Incremental Build of configuration Default for project FOS_Assignment_Template ****
make -j16 all 
+ cc kern/command_prompt.c
kern/command_prompt.c: In function 'TransferUserPage':
kern/command_prompt.c:610:37: error: passing argument 2 of 'get_page_table' makes pointer from integer without a cast [-Werror=int-conversion]
  get_page_table(ptr_page_directory, src, 1, &src_PT);
                                     ^
In file included from kern/command_prompt.c:23:0:
./kern/memory_manager.h:62:5: note: expected 'const void *' but argument is of type 'uint32 {aka unsigned int}'
 int get_page_table(uint32 *ptr_page_directory, const void *virtual_address, int create, uint32 **ptr_page_table);
     ^
kern/command_prompt.c:615:37: error: passing argument 2 of 'get_page_table' makes pointer from integer without a cast [-Werror=int-conversion]
  get_page_table(ptr_page_directory, dst, 1, &dst_PT);
                                     ^
In file included from kern/command_prompt.c:23:0:
./kern/memory_manager.h:62:5: note: expected 'const void *' but argument is of type 'uint32 {aka unsigned int}'
 int get_page_table(uint32 *ptr_page_directory, const void *virtual_address, int create, uint32 **ptr_page_table);
     ^
cc1: all warnings being treated as errors
make: *** [obj/kern/command_prompt.o] Error 1
kern/Makefrag:51: recipe for target 'obj/kern/command_prompt.o' failed
19:14:36 **** Incremental Build of configuration Default for project FOS_Assignment_Template ****
make -j16 all 
+ cc kern/command_prompt.c
kern/command_prompt.c: In function 'TransferUserPage':
kern/command_prompt.c:610:37: error: passing argument 2 of 'get_page_table' makes pointer from integer without a cast [-Werror=int-conversion]
  get_page_table(ptr_page_directory, src, 1, &src_PT);
                                     ^
In file included from kern/command_prompt.c:23:0:
./kern/memory_manager.h:62:5: note: expected 'const void *' but argument is of type 'uint32 {aka unsigned int}'
 int get_page_table(uint32 *ptr_page_directory, const void *virtual_address, int create, uint32 **ptr_page_table);
     ^
kern/command_prompt.c:615:37: error: passing argument 2 of 'get_page_table' makes pointer from integer without a cast [-Werror=int-conversion]
  get_page_table(ptr_page_directory, dst, 1, &dst_PT);
                                     ^
In file included from kern/command_prompt.c:23:0:
./kern/memory_manager.h:62:5: note: expected 'const void *' but argument is of type 'uint32 {aka unsigned int}'
 int get_page_table(uint32 *ptr_page_directory, const void *virtual_address, int create, uint32 **ptr_page_table);
     ^
cc1: all warnings being treated as errors
kern/Makefrag:51: recipe for target 'obj/kern/command_prompt.o' failed
make: *** [obj/kern/command_prompt.o] Error 1
19:14:48 **** Incremental Build of configuration Default for project FOS_PROJECT_2024_template ****
make -j16 all 
make: Nothing to be done for 'all'.
19:45:19 **** Incremental Build of configuration Default for project FOS_Assignment_Template ****
make -j16 all 
+ cc kern/command_prompt.c
kern/command_prompt.c: In function 'TransferUserPage':
kern/command_prompt.c:610:37: error: passing argument 2 of 'get_page_table' makes pointer from integer without a cast [-Werror=int-conversion]
  get_page_table(ptr_page_directory, src, 1, &src_PT);
                                     ^
In file included from kern/command_prompt.c:23:0:
./kern/memory_manager.h:62:5: note: expected 'const void *' but argument is of type 'uint32 {aka unsigned int}'
 int get_page_table(uint32 *ptr_page_directory, const void *virtual_address, int create, uint32 **ptr_page_table);
     ^
kern/command_prompt.c:615:37: error: passing argument 2 of 'get_page_table' makes pointer from integer without a cast [-Werror=int-conversion]
  get_page_table(ptr_page_directory, dst, 1, &dst_PT);
                                     ^
In file included from kern/command_prompt.c:23:0:
./kern/memory_manager.h:62:5: note: expected 'const void *' but argument is of type 'uint32 {aka unsigned int}'
 int get_page_table(uint32 *ptr_page_directory, const void *virtual_address, int create, uint32 **ptr_page_table);
     ^
cc1: all warnings being treated as errors
kern/Makefrag:51: recipe for target 'obj/kern/command_prompt.o' failed
make: *** [obj/kern/command_prompt.o] Error 1
19:45:41 **** Incremental Build of configuration Default for project FOS_PROJECT_2024_template ****
make -j16 all 
make: Nothing to be done for 'all'.
03:18:12 **** Incremental Build of configuration Default for project FOS_PROJECT_2024_template ****
make -j16 all 
make: Nothing to be done for 'all'.
03:22:54 **** Incremental Build of configuration Default for project FOS_PROJECT_2024_template ****
make -j16 all 
make: Nothing to be done for 'all'.
03:25:30 **** Incremental Build of configuration Default for project FOS_Assignment_Template ****
make -j16 all 
+ cc kern/command_prompt.c
kern/command_prompt.c: In function 'TransferUserPage':
kern/command_prompt.c:610:37: error: passing argument 2 of 'get_page_table' makes pointer from integer without a cast [-Werror=int-conversion]
  get_page_table(ptr_page_directory, src, 1, &src_PT);
                                     ^
In file included from kern/command_prompt.c:23:0:
./kern/memory_manager.h:62:5: note: expected 'const void *' but argument is of type 'uint32 {aka unsigned int}'
 int get_page_table(uint32 *ptr_page_directory, const void *virtual_address, int create, uint32 **ptr_page_table);
     ^
kern/command_prompt.c:615:37: error: passing argument 2 of 'get_page_table' makes pointer from integer without a cast [-Werror=int-conversion]
  get_page_table(ptr_page_directory, dst, 1, &dst_PT);
                                     ^
In file included from kern/command_prompt.c:23:0:
./kern/memory_manager.h:62:5: note: expected 'const void *' but argument is of type 'uint32 {aka unsigned int}'
 int get_page_table(uint32 *ptr_page_directory, const void *virtual_address, int create, uint32 **ptr_page_table);
     ^
cc1: all warnings being treated as errors
kern/Makefrag:51: recipe for target 'obj/kern/command_prompt.o' failed
make: *** [obj/kern/command_prompt.o] Error 1
03:25:36 **** Incremental Build of configuration Default for project FOS_PROJECT_2024_template ****
make -j16 all 
+ cc kern/command_prompt.c
+ ld -m elf_i386 obj/kern/kernel
+ mk obj/kern/bochs.img
